Built from '6000.3/staging' branch; Version is '6000.3.9f1 (7a9955a4f2fa) revision 8034645'; Using compiler version '194234433'; Build Type 'Release'
[Licensing::Module] Trying to connect to existing licensing client channel...
OS: 'Windows 10  (10.0.19045) 64bit Professional' Language: 'pt' Physical Memory: 12241 MB
BatchMode: 1, IsHumanControllingUs: 0, StartBugReporterOnCrash: 0, Is64bit: 1
System  architecture: x64
Process architecture: x64
Date: 2026-03-04T13:14:50Z
[Licensing::IpcConnector] Successfully connected to: "LicenseClient-Willian" at "2026-03-04T13:14:50.9088963Z"

COMMAND LINE ARGUMENTS:
C:\Program Files\Unity\Hub\Editor\6000.3.9f1\Editor\Unity.exe
-adb2
-batchMode
-noUpm
-name
AssetImportWorker3
-projectPath
D:/Usuários/William/Documents/GitHub/unity-advergame-project
-logFile
Logs/AssetImportWorker3.log
-srvPort
57608
-licensingIpc
LicenseClient-Willian
-job-worker-count
1
-background-job-worker-count
8
-gc-helper-count
1
-name
AssetImport
Successfully changed project path to: D:/Usuários/William/Documents/GitHub/unity-advergame-project
D:/Usuários/William/Documents/GitHub/unity-advergame-project
[UnityMemory] Configuration Parameters - Can be set up in boot.config
    "memorysetup-temp-allocator-size-nav-mesh-worker=65536"
    "memorysetup-temp-allocator-size-audio-worker=65536"
    "memorysetup-temp-allocator-size-gfx=262144"
    "memorysetup-allocator-temp-initial-block-size-main=262144"
    "memorysetup-allocator-temp-initial-block-size-worker=262144"
    "memorysetup-temp-allocator-size-background-worker=32768"
    "memorysetup-temp-allocator-size-job-worker=262144"
    "memorysetup-temp-allocator-size-preload-manager=33554432"
    "memorysetup-temp-allocator-size-gi-baking-worker=262144"
    "memorysetup-temp-allocator-size-gi-baking-worker=262144"
    "memorysetup-temp-allocator-size-gi-baking-worker=262144"
    "memorysetup-temp-allocator-size-gi-baking-worker=262144"
    "memorysetup-temp-allocator-size-gi-baking-worker=262144"
    "memorysetup-bucket-allocator-granularity=16"
    "memorysetup-bucket-allocator-bucket-count=8"
    "memorysetup-bucket-allocator-block-size=33554432"
    "memorysetup-bucket-allocator-block-count=8"
    "memorysetup-main-allocator-block-size=16777216"
    "memorysetup-thread-allocator-block-size=16777216"
    "memorysetup-gfx-main-allocator-block-size=16777216"
    "memorysetup-gfx-thread-allocator-block-size=16777216"
    "memorysetup-cache-allocator-block-size=4194304"
    "memorysetup-typetree-allocator-block-size=2097152"
    "memorysetup-profiler-bucket-allocator-granularity=16"
    "memorysetup-profiler-bucket-allocator-bucket-count=8"
    "memorysetup-profiler-bucket-allocator-block-size=33554432"
    "memorysetup-profiler-bucket-allocator-block-count=8"
    "memorysetup-profiler-allocator-block-size=16777216"
    "memorysetup-profiler-editor-allocator-block-size=1048576"
    "memorysetup-temp-allocator-size-main=16777216"
    "memorysetup-job-temp-allocator-block-size=2097152"
    "memorysetup-job-temp-allocator-block-size-background=1048576"
    "memorysetup-job-temp-allocator-reduction-small-platforms=262144"
    "memorysetup-temp-allocator-size-cloud-worker=32768"
Player connection [1760]  Target information:

Player connection [1760]  * "[IP] 192.168.0.5 [Port] 0 [Flags] 2 [Guid] 2398692743 [EditorId] 2398692743 [Version] 1048832 [Id] WindowsEditor(7,William) [Debug] 1 [PackageName] WindowsEditor [ProjectName] Editor" 

Player connection [1760] Host joined multi-casting on [225.0.0.222:54997]...
Player connection [1760] Host joined alternative multi-casting on [225.0.0.222:34997]...
JobSystem: Creating JobQueue using job-worker-count value 1
Input System module state changed to: Initialized.
[Physics::Module] Initialized fallback backend.
[Physics::Module] Id: 0xdecafbad
Library Redirect Path: Library/
[Physics::Module] Selected backend.
[Physics::Module] Name: PhysX
[Physics::Module] Id: 0xf2b8ea05
[Physics::Module] SDK Version: 4.1.2
[Physics::Module] Integration Version: 1.0.0
[Physics::Module] Threading Mode: Multi-Threaded
Refreshing native plugins compatible for Editor in 687.80 ms, found 3 plugins.
Preloading 0 native plugins for Editor in 0.00 ms.
Initialize engine version: 6000.3.9f1 (7a9955a4f2fa)
[Subsystems] Discovering subsystems at path C:/Program Files/Unity/Hub/Editor/6000.3.9f1/Editor/Data/Resources/UnitySubsystems
[Subsystems] Discovering subsystems at path D:/Usuários/William/Documents/GitHub/unity-advergame-project/Assets
GfxDevice: creating device client; kGfxThreadingModeNonThreaded
Direct3D:
    Version:  Direct3D 11.0 [level 11.0]
    Renderer: NVIDIA GeForce GTX 750 Ti (ID=0x1380)
    Vendor:   NVIDIA
    VRAM:     1999 MB
    Driver:   32.0.15.6094
[Licensing::Client] Handshaking with LicensingClient:
  Version:                 1.17.4+4293ba1
  Session Id:              f7b75c4c670e48e0b6d6553b347bbbe2
  Correlation Id:          28998b87e30ccaf8b74ad9fa3faa9942
  External correlation Id: 4174725311936474701
  Machine Id:              9BUJezVG/3BVWCC0Hl0yff3Y7Lw=
[Licensing::Module] Successfully connected to LicensingClient on channel: "LicenseClient-Willian" (connect: 0.00s, validation: 0.00s, handshake: 8.44s)
[Licensing::IpcConnector] Successfully connected to: "LicenseClient-Willian-notifications" at "2026-03-04T13:14:59.356965Z"
[Licensing::Module] Licensing Background thread has ended after 8.45s
Initialize mono
Mono path[0] = 'C:/Program Files/Unity/Hub/Editor/6000.3.9f1/Editor/Data/Managed'
Mono path[1] = 'C:/Program Files/Unity/Hub/Editor/6000.3.9f1/Editor/Data/MonoBleedingEdge/lib/mono/unityjit-win32'
Mono config path = 'C:/Program Files/Unity/Hub/Editor/6000.3.9f1/Editor/Data/MonoBleedingEdge/etc'
Using monoOptions --debugger-agent=transport=dt_socket,embedding=1,server=y,suspend=n,address=127.0.0.1:56068
Begin MonoManager ReloadAssembly
Registering precompiled unity dll's ...
Register platform support module: C:/Program Files/Unity/Hub/Editor/6000.3.9f1/Editor/Data/PlaybackEngines/WindowsStandaloneSupport/UnityEditor.WindowsStandalone.Extensions.dll
[Licensing::Client] Successfully resolved entitlement details
[Licensing::Module] License group:
  Id: 4673296654525-UnityPersXXXX
  Product: Unity Personal
  Type: Assigned
  Expiration: Unlimited
Register platform support module: C:/Program Files/Unity/Hub/Editor/6000.3.9f1/Editor/Data/PlaybackEngines/AndroidPlayer/UnityEditor.Android.Extensions.dll
Registered in 0.024865 seconds.
- Loaded All Assemblies, in 12.896 seconds
Native extension for Android target not found
Android Extension - Scanning For ADB Devices 3521 ms
Native extension for WindowsStandalone target not found
ScheduleIndexationOnStartup MainProcess:False IndexOnStartup:True
Mono: successfully reloaded assembly
- Finished resetting the current domain, in 10.988 seconds
Domain Reload Profiling: 23874ms
	BeginReloadAssembly (5545ms)
		ExecutionOrderSort (0ms)
		DisableScriptedObjects (0ms)
		BackupInstance (0ms)
		ReleaseScriptingObjects (0ms)
		CreateAndSetChildDomain (2ms)
	RebuildCommonClasses (330ms)
	RebuildNativeTypeToScriptingClass (33ms)
	initialDomainReloadingComplete (290ms)
	LoadAllAssembliesAndSetupDomain (6686ms)
		LoadAssemblies (5535ms)
		RebuildTransferFunctionScriptingTraits (0ms)
		AnalyzeDomain (6676ms)
			TypeCache.Refresh (6669ms)
				TypeCache.ScanAssembly (4233ms)
			BuildScriptInfoCaches (0ms)
			ResolveRequiredComponents (1ms)
	FinalizeReload (10989ms)
		ReleaseScriptCaches (0ms)
		RebuildScriptCaches (0ms)
		SetupLoadedEditorAssemblies (10865ms)
			LogAssemblyErrors (0ms)
			InitializePlatformSupportModulesInManaged (3911ms)
			SetLoadedEditorAssemblies (14ms)
			BeforeProcessingInitializeOnLoad (432ms)
			ProcessInitializeOnLoadAttributes (6290ms)
			ProcessInitializeOnLoadMethodAttributes (217ms)
			AfterProcessingInitializeOnLoad (0ms)
			EditorAssembliesLoaded (0ms)
		ExecutionOrderSort2 (0ms)
		AwakeInstancesAfterBackupRestoration (0ms)
Assembly reference Packages/com.unity.cinemachine/Editor/Samples/ExposeHDRPInternals/HDRP-Editor-ref.asmref has no target assembly definition
========================================================================
Worker process is ready to serve import requests
Import Worker Mode flag is 0x00
Assembly reference Packages/com.unity.cinemachine/Editor/Samples/ExposeHDRPInternals/HDRP-Editor-ref.asmref has no target assembly definition
Assembly reference Packages/com.unity.cinemachine/Editor/Samples/ExposeHDRPInternals/HDRP-Editor-ref.asmref has no target assembly definition
Begin MonoManager ReloadAssembly
[Licensing::Client] Successfully resolved entitlement details
- Loaded All Assemblies, in  6.110 seconds
Assembly reference Packages/com.unity.cinemachine/Editor/Samples/ExposeHDRPInternals/HDRP-Editor-ref.asmref has no target assembly definition
'Packages/com.unity.cinemachine/Editor/Obsolete/CinemachineVirtualCameraBaseEditor.cs' contains partial class of Unity.Object, exactly 1 of the partial classes needs to be in a file with the same filename. This is to know the one that can be referenced from ie. GameObjects
'Packages/com.unity.cinemachine/Editor/Editors/CinemachineVirtualCameraBaseEditor.cs' contains partial class of Unity.Object, exactly 1 of the partial classes needs to be in a file with the same filename. This is to know the one that can be referenced from ie. GameObjects
Refreshing native plugins compatible for Editor in 0.90 ms, found 3 plugins.
Native extension for Android target not found
Native extension for WindowsStandalone target not found
Assembly reference Packages/com.unity.cinemachine/Editor/Samples/ExposeHDRPInternals/HDRP-Editor-ref.asmref has no target assembly definition
Package Manager log level set to [2]
[Package Manager] Failed to launch server process. Reason: Unity was launched with the -noUpm command-line argument
[Package Manager] Unable to send message (not connected to server process).
[Package Manager] Cannot connect to Unity Package Manager local server
[Package Manager] Failed to launch server process. Reason: Unity was launched with the -noUpm command-line argument
[Package Manager] Unable to send message (not connected to server process).
[Package Manager] Cannot connect to Unity Package Manager local server
ScheduleIndexationOnStartup MainProcess:False IndexOnStartup:True
Mono: successfully reloaded assembly
- Finished resetting the current domain, in 44.582 seconds
Domain Reload Profiling: 50686ms
	BeginReloadAssembly (663ms)
		ExecutionOrderSort (0ms)
		DisableScriptedObjects (13ms)
		BackupInstance (0ms)
		ReleaseScriptingObjects (0ms)
		CreateAndSetChildDomain (103ms)
	RebuildCommonClasses (112ms)
	RebuildNativeTypeToScriptingClass (27ms)
	initialDomainReloadingComplete (104ms)
	LoadAllAssembliesAndSetupDomain (5196ms)
		LoadAssemblies (4193ms)
		RebuildTransferFunctionScriptingTraits (0ms)
		AnalyzeDomain (1344ms)
			TypeCache.Refresh (1087ms)
				TypeCache.ScanAssembly (1054ms)
			BuildScriptInfoCaches (201ms)
			ResolveRequiredComponents (44ms)
	FinalizeReload (44583ms)
		ReleaseScriptCaches (0ms)
		RebuildScriptCaches (0ms)
		SetupLoadedEditorAssemblies (43071ms)
			LogAssemblyErrors (0ms)
			InitializePlatformSupportModulesInManaged (18ms)
			SetLoadedEditorAssemblies (10ms)
			BeforeProcessingInitializeOnLoad (13080ms)
			ProcessInitializeOnLoadAttributes (29658ms)
			ProcessInitializeOnLoadMethodAttributes (278ms)
			AfterProcessingInitializeOnLoad (27ms)
			EditorAssembliesLoaded (0ms)
		ExecutionOrderSort2 (0ms)
		AwakeInstancesAfterBackupRestoration (12ms)
Launched and connected shader compiler UnityShaderCompiler.exe after 0.04 seconds
Refreshing native plugins compatible for Editor in 1.25 ms, found 3 plugins.
Preloading 0 native plugins for Editor in 0.00 ms.
Unloading 17 Unused Serialized files (Serialized files now loaded: 0)
Unloading 6638 unused Assets / (2.0 MB). Loaded Objects now: 7454.
Memory consumption went from 139.3 MB to 137.3 MB.
Total: 17.070300 ms (FindLiveObjects: 1.733300 ms CreateObjectMapping: 1.091400 ms MarkObjects: 10.686800 ms  DeleteObjects: 3.556900 ms)

========================================================================
Received Prepare
[Licensing::Client] Successfully resolved entitlement details
Assembly reference Packages/com.unity.cinemachine/Editor/Samples/ExposeHDRPInternals/HDRP-Editor-ref.asmref has no target assembly definition
Assembly reference Packages/com.unity.cinemachine/Editor/Samples/ExposeHDRPInternals/HDRP-Editor-ref.asmref has no target assembly definition
Begin MonoManager ReloadAssembly
[Licensing::Client] Successfully resolved entitlement details
- Loaded All Assemblies, in 24.328 seconds
Assembly reference Packages/com.unity.cinemachine/Editor/Samples/ExposeHDRPInternals/HDRP-Editor-ref.asmref has no target assembly definition
'Packages/com.unity.cinemachine/Editor/Obsolete/CinemachineVirtualCameraBaseEditor.cs' contains partial class of Unity.Object, exactly 1 of the partial classes needs to be in a file with the same filename. This is to know the one that can be referenced from ie. GameObjects
'Packages/com.unity.cinemachine/Editor/Editors/CinemachineVirtualCameraBaseEditor.cs' contains partial class of Unity.Object, exactly 1 of the partial classes needs to be in a file with the same filename. This is to know the one that can be referenced from ie. GameObjects
Refreshing native plugins compatible for Editor in 1.01 ms, found 3 plugins.
Native extension for Android target not found
Native extension for WindowsStandalone target not found
[Licensing::Client] Successfully resolved entitlement details
Assembly reference Packages/com.unity.cinemachine/Editor/Samples/ExposeHDRPInternals/HDRP-Editor-ref.asmref has no target assembly definition
[Package Manager] Failed to launch server process. Reason: Unity was launched with the -noUpm command-line argument
[Package Manager] Unable to send message (not connected to server process).
[Package Manager] Cannot connect to Unity Package Manager local server
[Package Manager] Failed to launch server process. Reason: Unity was launched with the -noUpm command-line argument
[Package Manager] Unable to send message (not connected to server process).
[Package Manager] Cannot connect to Unity Package Manager local server
ScheduleIndexationOnStartup MainProcess:False IndexOnStartup:True
Mono: successfully reloaded assembly
- Finished resetting the current domain, in 46.471 seconds
Domain Reload Profiling: 70787ms
	BeginReloadAssembly (1441ms)
		ExecutionOrderSort (0ms)
		DisableScriptedObjects (14ms)
		BackupInstance (0ms)
		ReleaseScriptingObjects (0ms)
		CreateAndSetChildDomain (361ms)
	RebuildCommonClasses (332ms)
	RebuildNativeTypeToScriptingClass (351ms)
	initialDomainReloadingComplete (530ms)
	LoadAllAssembliesAndSetupDomain (21661ms)
		LoadAssemblies (10036ms)
		RebuildTransferFunctionScriptingTraits (0ms)
		AnalyzeDomain (12491ms)
			TypeCache.Refresh (4825ms)
				TypeCache.ScanAssembly (4581ms)
			BuildScriptInfoCaches (6708ms)
			ResolveRequiredComponents (420ms)
	FinalizeReload (46472ms)
		ReleaseScriptCaches (0ms)
		RebuildScriptCaches (0ms)
		SetupLoadedEditorAssemblies (4194ms)
			LogAssemblyErrors (0ms)
			InitializePlatformSupportModulesInManaged (51ms)
			SetLoadedEditorAssemblies (12ms)
			BeforeProcessingInitializeOnLoad (1242ms)
			ProcessInitializeOnLoadAttributes (2454ms)
			ProcessInitializeOnLoadMethodAttributes (420ms)
			AfterProcessingInitializeOnLoad (15ms)
			EditorAssembliesLoaded (1ms)
		ExecutionOrderSort2 (0ms)
		AwakeInstancesAfterBackupRestoration (87ms)
Refreshing native plugins compatible for Editor in 1.42 ms, found 3 plugins.
Preloading 0 native plugins for Editor in 0.00 ms.
Unloading 17 Unused Serialized files (Serialized files now loaded: 0)
Unloading 6634 unused Assets / (2.0 MB). Loaded Objects now: 7470.
Memory consumption went from 144.3 MB to 142.3 MB.
Total: 26.266800 ms (FindLiveObjects: 2.263000 ms CreateObjectMapping: 2.076500 ms MarkObjects: 16.938700 ms  DeleteObjects: 4.986100 ms)

Prepare: number of updated asset objects reloaded= 0
========================================================================
Received Prepare
Refreshing native plugins compatible for Editor in 2.83 ms, found 3 plugins.
Preloading 0 native plugins for Editor in 0.00 ms.
Unloading 17 Unused Serialized files (Serialized files now loaded: 0)
Unloading 17 unused Assets / (1.7 MB). Loaded Objects now: 7470.
Memory consumption went from 139.6 MB to 137.9 MB.
Total: 18.815500 ms (FindLiveObjects: 0.754900 ms CreateObjectMapping: 2.304300 ms MarkObjects: 14.035800 ms  DeleteObjects: 1.718300 ms)

Prepare: number of updated asset objects reloaded= 0
========================================================================
Received Import Request.
  Time since last request: 1035726.151944 seconds.
  path: Assets/TP_FastFood/Prefabs/Invidual_Item_Prefabs/Burger_Single_patty 1.prefab
  artifactKey: Guid(7560fb5c919d9bb4d92ddd0d59a6d85c) Importer(815301076,1909f56bfc062723c751e8b465ee728b)
Start importing Assets/TP_FastFood/Prefabs/Invidual_Item_Prefabs/Burger_Single_patty 1.prefab using Guid(7560fb5c919d9bb4d92ddd0d59a6d85c) Importer(815301076,1909f56bfc062723c751e8b465ee728b) (PreviewImporter) -> (artifact id: 'f3b000fc822977d062096ff9c66a4ddf') in 22.6772509 seconds
Number of updated asset objects reloaded before import = 0Number of asset objects unloaded after import = 19

========================================================================
Received Import Request.
  Time since last request: 0.000057 seconds.
  path: Assets/TP_FastFood/Prefabs/Invidual_Item_Prefabs/Burger_Single_patty 1.prefab
  artifactKey: Guid(7560fb5c919d9bb4d92ddd0d59a6d85c) Importer(815301076,1909f56bfc062723c751e8b465ee728b)
Start importing Assets/TP_FastFood/Prefabs/Invidual_Item_Prefabs/Burger_Single_patty 1.prefab using Guid(7560fb5c919d9bb4d92ddd0d59a6d85c) Importer(815301076,1909f56bfc062723c751e8b465ee728b) (PreviewImporter) -> (artifact id: '75cde5f064e9df796204ec3dfbd8a269') in 0.0736538 seconds
Number of updated asset objects reloaded before import = 0Number of asset objects unloaded after import = 14

========================================================================
Received Import Request.
  Time since last request: 0.000055 seconds.
  path: Assets/TP_FastFood/Prefabs/Invidual_Item_Prefabs/IceCream_Mango.prefab
  artifactKey: Guid(da9aa3cc5b9944acdac2ff87f103c5a3) Importer(815301076,1909f56bfc062723c751e8b465ee728b)
Start importing Assets/TP_FastFood/Prefabs/Invidual_Item_Prefabs/IceCream_Mango.prefab using Guid(da9aa3cc5b9944acdac2ff87f103c5a3) Importer(815301076,1909f56bfc062723c751e8b465ee728b) (PreviewImporter) -> (artifact id: '4c036ad59b638a89f7e5cbdd1c7beab0') in 0.0582827 seconds
Number of updated asset objects reloaded before import = 0Number of asset objects unloaded after import = 14

========================================================================
Received Import Request.
  Time since last request: 0.000038 seconds.
  path: Assets/TP_FastFood/Prefabs/Invidual_Item_Prefabs/Crossiant.prefab
  artifactKey: Guid(f8c8cc083598d4d7bac9eb582704d07a) Importer(815301076,1909f56bfc062723c751e8b465ee728b)
Start importing Assets/TP_FastFood/Prefabs/Invidual_Item_Prefabs/Crossiant.prefab using Guid(f8c8cc083598d4d7bac9eb582704d07a) Importer(815301076,1909f56bfc062723c751e8b465ee728b) (PreviewImporter) -> (artifact id: 'f566a72316d36f27ae5ace7595709869') in 0.0224473 seconds
Number of updated asset objects reloaded before import = 0Number of asset objects unloaded after import = 9

========================================================================
Received Import Request.
  Time since last request: 0.000048 seconds.
  path: Assets/TP_FastFood/Prefabs/Invidual_Item_Prefabs/Juice_Yellow.prefab
  artifactKey: Guid(afd1739b96b084580b73cfacfb3863ff) Importer(815301076,1909f56bfc062723c751e8b465ee728b)
Start importing Assets/TP_FastFood/Prefabs/Invidual_Item_Prefabs/Juice_Yellow.prefab using Guid(afd1739b96b084580b73cfacfb3863ff) Importer(815301076,1909f56bfc062723c751e8b465ee728b) (PreviewImporter) -> (artifact id: 'a5fc02ce6a0db0a0fd41e1bacffdd390') in 0.0985774 seconds
Number of updated asset objects reloaded before import = 0Number of asset objects unloaded after import = 9

========================================================================
Received Import Request.
  Time since last request: 0.000059 seconds.
  path: Assets/TP_FastFood/Prefabs/Invidual_Item_Prefabs/Napkin_Red.prefab
  artifactKey: Guid(afc490d5c1e0c467dbff02f08417fce4) Importer(815301076,1909f56bfc062723c751e8b465ee728b)
Start importing Assets/TP_FastFood/Prefabs/Invidual_Item_Prefabs/Napkin_Red.prefab using Guid(afc490d5c1e0c467dbff02f08417fce4) Importer(815301076,1909f56bfc062723c751e8b465ee728b) (PreviewImporter) -> (artifact id: 'ca8643a5c2521b0113b690051d21fb8e') in 0.1501891 seconds
Number of updated asset objects reloaded before import = 0Number of asset objects unloaded after import = 9

========================================================================
Received Import Request.
  Time since last request: 0.000060 seconds.
  path: Assets/TP_FastFood/Prefabs/Invidual_Item_Prefabs/Burger_Single_patty.prefab
  artifactKey: Guid(5c54847c347f2472e8b092bfae47d743) Importer(815301076,1909f56bfc062723c751e8b465ee728b)
Start importing Assets/TP_FastFood/Prefabs/Invidual_Item_Prefabs/Burger_Single_patty.prefab using Guid(5c54847c347f2472e8b092bfae47d743) Importer(815301076,1909f56bfc062723c751e8b465ee728b) (PreviewImporter) -> (artifact id: '05f26453dd8eacdb6cc29fc9ad4a33e3') in 0.09247 seconds
Number of updated asset objects reloaded before import = 0Number of asset objects unloaded after import = 24

========================================================================
Received Import Request.
  Time since last request: 0.000058 seconds.
  path: Assets/TP_FastFood/Prefabs/Invidual_Item_Prefabs/Dips_1.prefab
  artifactKey: Guid(f4041593b463745b78805bdca2010a4b) Importer(815301076,1909f56bfc062723c751e8b465ee728b)
Start importing Assets/TP_FastFood/Prefabs/Invidual_Item_Prefabs/Dips_1.prefab using Guid(f4041593b463745b78805bdca2010a4b) Importer(815301076,1909f56bfc062723c751e8b465ee728b) (PreviewImporter) -> (artifact id: '18c70cf8854183f8a86e5cb25b97c339') in 0.0920784 seconds
Number of updated asset objects reloaded before import = 0Number of asset objects unloaded after import = 9

========================================================================
Received Import Request.
  Time since last request: 0.000049 seconds.
  path: Assets/TP_FastFood/Prefabs/Invidual_Item_Prefabs/IceCream_Chocolate.prefab
  artifactKey: Guid(1993a4f6be8a2446ca90914adca2e02f) Importer(815301076,1909f56bfc062723c751e8b465ee728b)
Start importing Assets/TP_FastFood/Prefabs/Invidual_Item_Prefabs/IceCream_Chocolate.prefab using Guid(1993a4f6be8a2446ca90914adca2e02f) Importer(815301076,1909f56bfc062723c751e8b465ee728b) (PreviewImporter) -> (artifact id: 'f3c147fb8436849c16097bbb413ada6a') in 0.0728278 seconds
Number of updated asset objects reloaded before import = 0Number of asset objects unloaded after import = 14

========================================================================
Received Import Request.
  Time since last request: 0.000046 seconds.
  path: Assets/TP_FastFood/Prefabs/Invidual_Item_Prefabs/Burger_Double_patty.prefab
  artifactKey: Guid(1b7181e7e3a3e427495c816b0f373e1b) Importer(815301076,1909f56bfc062723c751e8b465ee728b)
Start importing Assets/TP_FastFood/Prefabs/Invidual_Item_Prefabs/Burger_Double_patty.prefab using Guid(1b7181e7e3a3e427495c816b0f373e1b) Importer(815301076,1909f56bfc062723c751e8b465ee728b) (PreviewImporter) -> (artifact id: 'f7253957ce1ddbb8d64295b003339bb5') in 0.208383 seconds
Number of updated asset objects reloaded before import = 0Number of asset objects unloaded after import = 34

========================================================================
Received Import Request.
  Time since last request: 0.000144 seconds.
  path: Assets/TP_FastFood/Prefabs/Invidual_Item_Prefabs/CoffeeCup_Empty.prefab
  artifactKey: Guid(296f6f89103d14e42a36ec6c19cdb75b) Importer(815301076,1909f56bfc062723c751e8b465ee728b)
Start importing Assets/TP_FastFood/Prefabs/Invidual_Item_Prefabs/CoffeeCup_Empty.prefab using Guid(296f6f89103d14e42a36ec6c19cdb75b) Importer(815301076,1909f56bfc062723c751e8b465ee728b) (PreviewImporter) -> (artifact id: '69e752faa884b9c9b92c49ecb122300c') in 0.3218113 seconds
Number of updated asset objects reloaded before import = 0Number of asset objects unloaded after import = 9

========================================================================
Received Import Request.
  Time since last request: 0.000063 seconds.
  path: Assets/TP_FastFood/Prefabs/Invidual_Item_Prefabs/CoffeeCup.prefab
  artifactKey: Guid(367f1234bff734ebea75039e9fd788b1) Importer(815301076,1909f56bfc062723c751e8b465ee728b)
Start importing Assets/TP_FastFood/Prefabs/Invidual_Item_Prefabs/CoffeeCup.prefab using Guid(367f1234bff734ebea75039e9fd788b1) Importer(815301076,1909f56bfc062723c751e8b465ee728b) (PreviewImporter) -> (artifact id: '95030cb57d125788f3f2949dc69f9df7') in 0.045936 seconds
Number of updated asset objects reloaded before import = 0Number of asset objects unloaded after import = 9

========================================================================
Received Import Request.
  Time since last request: 0.000056 seconds.
  path: Assets/TP_FastFood/Prefabs/Invidual_Item_Prefabs/Dips_2.prefab
  artifactKey: Guid(c03681a56d0fb4b5eba5c7af1fca97c1) Importer(815301076,1909f56bfc062723c751e8b465ee728b)
Start importing Assets/TP_FastFood/Prefabs/Invidual_Item_Prefabs/Dips_2.prefab using Guid(c03681a56d0fb4b5eba5c7af1fca97c1) Importer(815301076,1909f56bfc062723c751e8b465ee728b) (PreviewImporter) -> (artifact id: '16f68b9aaae6382227203747b27dd642') in 0.300997 seconds
Number of updated asset objects reloaded before import = 0Number of asset objects unloaded after import = 9

========================================================================
Received Import Request.
  Time since last request: 0.000056 seconds.
  path: Assets/TP_FastFood/Prefabs/Invidual_Item_Prefabs/FrenchFries_Yellow.prefab
  artifactKey: Guid(ffb1be286b8ca4f4b9e64f8a558e96e1) Importer(815301076,1909f56bfc062723c751e8b465ee728b)
Start importing Assets/TP_FastFood/Prefabs/Invidual_Item_Prefabs/FrenchFries_Yellow.prefab using Guid(ffb1be286b8ca4f4b9e64f8a558e96e1) Importer(815301076,1909f56bfc062723c751e8b465ee728b) (PreviewImporter) -> (artifact id: '4fe05432086fd134fc52bb099c7f646b') in 0.5356255 seconds
Number of updated asset objects reloaded before import = 0Number of asset objects unloaded after import = 49

========================================================================
Received Import Request.
  Time since last request: 0.000074 seconds.
  path: Assets/TP_FastFood/Prefabs/Invidual_Item_Prefabs/Juice_Red.prefab
  artifactKey: Guid(29bee7b0ab359486691149169eb239ac) Importer(815301076,1909f56bfc062723c751e8b465ee728b)
Start importing Assets/TP_FastFood/Prefabs/Invidual_Item_Prefabs/Juice_Red.prefab using Guid(29bee7b0ab359486691149169eb239ac) Importer(815301076,1909f56bfc062723c751e8b465ee728b) (PreviewImporter) -> (artifact id: 'b54d40f75a9b322184004031d9c43dad') in 0.0854739 seconds
Number of updated asset objects reloaded before import = 0Number of asset objects unloaded after import = 9

========================================================================
Received Import Request.
  Time since last request: 0.000038 seconds.
  path: Assets/TP_FastFood/Prefabs/Invidual_Item_Prefabs/IceCream_Strawberry.prefab
  artifactKey: Guid(7b0b1651afd854699a944a6671016267) Importer(815301076,1909f56bfc062723c751e8b465ee728b)
Start importing Assets/TP_FastFood/Prefabs/Invidual_Item_Prefabs/IceCream_Strawberry.prefab using Guid(7b0b1651afd854699a944a6671016267) Importer(815301076,1909f56bfc062723c751e8b465ee728b) (PreviewImporter) -> (artifact id: '5f98d9cbd642601dcbeae3aa412fe791') in 0.0916514 seconds
Number of updated asset objects reloaded before import = 0Number of asset objects unloaded after import = 14

========================================================================
Received Import Request.
  Time since last request: 0.000045 seconds.
  path: Assets/TP_FastFood/Prefabs/Invidual_Item_Prefabs/FrenchFries_Blue.prefab
  artifactKey: Guid(90bea7aa6f1f24392bc43d136be1f8a8) Importer(815301076,1909f56bfc062723c751e8b465ee728b)
Start importing Assets/TP_FastFood/Prefabs/Invidual_Item_Prefabs/FrenchFries_Blue.prefab using Guid(90bea7aa6f1f24392bc43d136be1f8a8) Importer(815301076,1909f56bfc062723c751e8b465ee728b) (PreviewImporter) -> (artifact id: 'ae0594db2fb8773bac501bb6ca079cc3') in 0.0821134 seconds
Number of updated asset objects reloaded before import = 0Number of asset objects unloaded after import = 49

========================================================================
Received Import Request.
  Time since last request: 0.000058 seconds.
  path: Assets/TP_FastFood/Prefabs/Invidual_Item_Prefabs/Juice_Blue.prefab
  artifactKey: Guid(74ebb1200fc5041ed811310c953e7e00) Importer(815301076,1909f56bfc062723c751e8b465ee728b)
Start importing Assets/TP_FastFood/Prefabs/Invidual_Item_Prefabs/Juice_Blue.prefab using Guid(74ebb1200fc5041ed811310c953e7e00) Importer(815301076,1909f56bfc062723c751e8b465ee728b) (PreviewImporter) -> (artifact id: '3ad1724558b0e6b53ff1d0f78e705a1e') in 0.0309624 seconds
Number of updated asset objects reloaded before import = 0Number of asset objects unloaded after import = 9

========================================================================
Received Import Request.
  Time since last request: 0.000087 seconds.
  path: Assets/TP_FastFood/Prefabs/Invidual_Item_Prefabs/HotDog.prefab
  artifactKey: Guid(2e4bfe732d21f42979b57ff2d78eab7f) Importer(815301076,1909f56bfc062723c751e8b465ee728b)
Start importing Assets/TP_FastFood/Prefabs/Invidual_Item_Prefabs/HotDog.prefab using Guid(2e4bfe732d21f42979b57ff2d78eab7f) Importer(815301076,1909f56bfc062723c751e8b465ee728b) (PreviewImporter) -> (artifact id: 'f3c6f863ab928531e3e4c3953a63270a') in 0.1417332 seconds
Number of updated asset objects reloaded before import = 0Number of asset objects unloaded after import = 24

========================================================================
Received Import Request.
  Time since last request: 0.000081 seconds.
  path: Assets/TP_FastFood/Prefabs/Invidual_Item_Prefabs/Napkin_Blue.prefab
  artifactKey: Guid(2b7c395241cf54688a020e77f166e305) Importer(815301076,1909f56bfc062723c751e8b465ee728b)
Start importing Assets/TP_FastFood/Prefabs/Invidual_Item_Prefabs/Napkin_Blue.prefab using Guid(2b7c395241cf54688a020e77f166e305) Importer(815301076,1909f56bfc062723c751e8b465ee728b) (PreviewImporter) -> (artifact id: 'b00c20e0e894f30cd09b54a33b8d0db1') in 0.0734534 seconds
Number of updated asset objects reloaded before import = 0Number of asset objects unloaded after import = 9

========================================================================
Received Import Request.
  Time since last request: 4.507477 seconds.
  path: Assets/TP_FastFood/Models/Dips_1.fbx
  artifactKey: Guid(2022600301ba9439aa36fa3cdc8ebab4) Importer(815301076,1909f56bfc062723c751e8b465ee728b)
Start importing Assets/TP_FastFood/Models/Dips_1.fbx using Guid(2022600301ba9439aa36fa3cdc8ebab4) Importer(815301076,1909f56bfc062723c751e8b465ee728b) (PreviewImporter) -> (artifact id: '897f24c32f336fc685155b7c1bd3e959') in 7.9198462 seconds
Number of updated asset objects reloaded before import = 0Number of asset objects unloaded after import = 9

========================================================================
Received Import Request.
  Time since last request: 21.001575 seconds.
  path: Assets/Prefabs/Meat.prefab
  artifactKey: Guid(046b4acdf456605489dc4fcea1aa64dd) Importer(815301076,1909f56bfc062723c751e8b465ee728b)
Start importing Assets/Prefabs/Meat.prefab using Guid(046b4acdf456605489dc4fcea1aa64dd) Importer(815301076,1909f56bfc062723c751e8b465ee728b) (PreviewImporter) -> (artifact id: '0dd52925619af0d03706c4ed287e72f1') in 0.0370318 seconds
Number of updated asset objects reloaded before import = 0Number of asset objects unloaded after import = 15

========================================================================
Received Import Request.
  Time since last request: 21.165649 seconds.
  path: Assets/Foods/1e7737db-5b91-45d2-aede-f96020f3da0b.png
  artifactKey: Guid(f53b36f85445e7b4d8d710e55eea74a7) Importer(2089858483,b0f066a214c2f5e87bad3c948f4d605d)
Start importing Assets/Foods/1e7737db-5b91-45d2-aede-f96020f3da0b.png using Guid(f53b36f85445e7b4d8d710e55eea74a7) Importer(2089858483,b0f066a214c2f5e87bad3c948f4d605d) (ScriptedImporter)[Licensing::Client] Successfully resolved entitlement details
 -> (artifact id: 'ccb19ef62c2e2ce6f48cd95bf0320ac4') in 0.9028607 seconds
Number of updated asset objects reloaded before import = 0Number of asset objects unloaded after import = 3

========================================================================
Received Import Request.
  Time since last request: 0.000038 seconds.
  path: Assets/Prefabs/Meat.prefab
  artifactKey: Guid(046b4acdf456605489dc4fcea1aa64dd) Importer(2089858483,b0f066a214c2f5e87bad3c948f4d605d)
Start importing Assets/Prefabs/Meat.prefab using Guid(046b4acdf456605489dc4fcea1aa64dd) Importer(2089858483,b0f066a214c2f5e87bad3c948f4d605d) (ScriptedImporter) -> (artifact id: '78d5233a60785b3e31bac3adf593ddf6') in 0.4018814 seconds
Number of updated asset objects reloaded before import = 0Number of asset objects unloaded after import = 14

========================================================================
Received Import Request.
  Time since last request: 0.000050 seconds.
  path: Assets/TextMesh Pro/Resources/Fonts & Materials/LiberationSans SDF - Outline.mat
  artifactKey: Guid(79459efec17a4d00a321bdcc27bbc385) Importer(2089858483,b0f066a214c2f5e87bad3c948f4d605d)
Start importing Assets/TextMesh Pro/Resources/Fonts & Materials/LiberationSans SDF - Outline.mat using Guid(79459efec17a4d00a321bdcc27bbc385) Importer(2089858483,b0f066a214c2f5e87bad3c948f4d605d) (ScriptedImporter) -> (artifact id: '3e518bc2d8a550b02801f0817a78c956') in 0.1493924 seconds
Number of updated asset objects reloaded before import = 0Number of asset objects unloaded after import = 2

========================================================================
Received Import Request.
  Time since last request: 0.000038 seconds.
  path: Assets/Scripts/Hamburger.cs
  artifactKey: Guid(24e99ce9e785c4d4ea1c5de654a99f87) Importer(2089858483,b0f066a214c2f5e87bad3c948f4d605d)
Start importing Assets/Scripts/Hamburger.cs using Guid(24e99ce9e785c4d4ea1c5de654a99f87) Importer(2089858483,b0f066a214c2f5e87bad3c948f4d605d) (ScriptedImporter) -> (artifact id: '3f8c3821d7d9dcdbc1c51bed8b341801') in 0.0134242 seconds
Number of updated asset objects reloaded before import = 0Number of asset objects unloaded after import = 0

========================================================================
Received Import Request.
  Time since last request: 0.000048 seconds.
  path: Assets/TP_FastFood/Prefabs/Invidual_Item_Prefabs/CoffeeCup.prefab
  artifactKey: Guid(367f1234bff734ebea75039e9fd788b1) Importer(2089858483,b0f066a214c2f5e87bad3c948f4d605d)
Start importing Assets/TP_FastFood/Prefabs/Invidual_Item_Prefabs/CoffeeCup.prefab using Guid(367f1234bff734ebea75039e9fd788b1) Importer(2089858483,b0f066a214c2f5e87bad3c948f4d605d) (ScriptedImporter) -> (artifact id: '00da7e3298125c66a2ec8c95c84eb1cd') in 0.0246327 seconds
Number of updated asset objects reloaded before import = 0Number of asset objects unloaded after import = 8

========================================================================
Received Import Request.
  Time since last request: 0.000037 seconds.
  path: Assets/TP_FastFood/Materials/ColorPallete.png
  artifactKey: Guid(b8617807c166b4d7daed01854aad24b2) Importer(2089858483,b0f066a214c2f5e87bad3c948f4d605d)
Start importing Assets/TP_FastFood/Materials/ColorPallete.png using Guid(b8617807c166b4d7daed01854aad24b2) Importer(2089858483,b0f066a214c2f5e87bad3c948f4d605d) (ScriptedImporter) -> (artifact id: '6068e7ab91c811f4097e50a867fda9e6') in 0.0209626 seconds
Number of updated asset objects reloaded before import = 0Number of asset objects unloaded after import = 1

========================================================================
Received Import Request.
  Time since last request: 0.073388 seconds.
  path: Assets/TP_FastFood/Prefabs/Invidual_Item_Prefabs/Dips_2.prefab
  artifactKey: Guid(c03681a56d0fb4b5eba5c7af1fca97c1) Importer(2089858483,b0f066a214c2f5e87bad3c948f4d605d)
Start importing Assets/TP_FastFood/Prefabs/Invidual_Item_Prefabs/Dips_2.prefab using Guid(c03681a56d0fb4b5eba5c7af1fca97c1) Importer(2089858483,b0f066a214c2f5e87bad3c948f4d605d) (ScriptedImporter) -> (artifact id: '47939ef138c383fdee91b382c9888522') in 0.0282546 seconds
Number of updated asset objects reloaded before import = 0Number of asset objects unloaded after import = 8

========================================================================
Received Import Request.
  Time since last request: 0.000041 seconds.
  path: Assets/TP_FastFood/Prefabs/Invidual_Item_Prefabs/FrenchFries_Blue.prefab
  artifactKey: Guid(90bea7aa6f1f24392bc43d136be1f8a8) Importer(2089858483,b0f066a214c2f5e87bad3c948f4d605d)
Start importing Assets/TP_FastFood/Prefabs/Invidual_Item_Prefabs/FrenchFries_Blue.prefab using Guid(90bea7aa6f1f24392bc43d136be1f8a8) Importer(2089858483,b0f066a214c2f5e87bad3c948f4d605d) (ScriptedImporter) -> (artifact id: 'c1c4da63cdb42982df45800f7a31b47f') in 0.0240799 seconds
Number of updated asset objects reloaded before import = 0Number of asset objects unloaded after import = 48

========================================================================
Received Import Request.
  Time since last request: 0.000059 seconds.
  path: Assets/TP_FastFood/Prefabs/Invidual_Item_Prefabs/FrenchFries_Yellow.prefab
  artifactKey: Guid(ffb1be286b8ca4f4b9e64f8a558e96e1) Importer(2089858483,b0f066a214c2f5e87bad3c948f4d605d)
Start importing Assets/TP_FastFood/Prefabs/Invidual_Item_Prefabs/FrenchFries_Yellow.prefab using Guid(ffb1be286b8ca4f4b9e64f8a558e96e1) Importer(2089858483,b0f066a214c2f5e87bad3c948f4d605d) (ScriptedImporter) -> (artifact id: 'adb173deec5eb82b4b70e39d04bf6c04') in 0.0147751 seconds
Number of updated asset objects reloaded before import = 0Number of asset objects unloaded after import = 48

========================================================================
Received Import Request.
  Time since last request: 0.142779 seconds.
  path: Assets/TP_FastFood/Prefabs/Invidual_Item_Prefabs/Juice_Blue.prefab
  artifactKey: Guid(74ebb1200fc5041ed811310c953e7e00) Importer(2089858483,b0f066a214c2f5e87bad3c948f4d605d)
Start importing Assets/TP_FastFood/Prefabs/Invidual_Item_Prefabs/Juice_Blue.prefab using Guid(74ebb1200fc5041ed811310c953e7e00) Importer(2089858483,b0f066a214c2f5e87bad3c948f4d605d) (ScriptedImporter) -> (artifact id: '2383abc53f3fb915e11c521d6013986c') in 0.03569 seconds
Number of updated asset objects reloaded before import = 0Number of asset objects unloaded after import = 8

========================================================================
Received Import Request.
  Time since last request: 0.000040 seconds.
  path: Assets/TP_FastFood/Prefabs/Invidual_Item_Prefabs/Juice_Yellow.prefab
  artifactKey: Guid(afd1739b96b084580b73cfacfb3863ff) Importer(2089858483,b0f066a214c2f5e87bad3c948f4d605d)
Start importing Assets/TP_FastFood/Prefabs/Invidual_Item_Prefabs/Juice_Yellow.prefab using Guid(afd1739b96b084580b73cfacfb3863ff) Importer(2089858483,b0f066a214c2f5e87bad3c948f4d605d) (ScriptedImporter) -> (artifact id: '12eed709483d741cb1e32d73e06de6d0') in 0.1230844 seconds
Number of updated asset objects reloaded before import = 0Number of asset objects unloaded after import = 8

========================================================================
Received Import Request.
  Time since last request: 0.000049 seconds.
  path: Assets/TP_FastFood/Prefabs/Invidual_Item_Prefabs/ParcelBox_Red.prefab
  artifactKey: Guid(7fc564af1490143d4888ed00f4ba6a7a) Importer(2089858483,b0f066a214c2f5e87bad3c948f4d605d)
Start importing Assets/TP_FastFood/Prefabs/Invidual_Item_Prefabs/ParcelBox_Red.prefab using Guid(7fc564af1490143d4888ed00f4ba6a7a) Importer(2089858483,b0f066a214c2f5e87bad3c948f4d605d) (ScriptedImporter) -> (artifact id: '7c1965883485da4675bfb0011f9bc6d4') in 0.0301072 seconds
Number of updated asset objects reloaded before import = 0Number of asset objects unloaded after import = 13

========================================================================
Received Import Request.
  Time since last request: 0.000038 seconds.
  path: Assets/TP_FastFood/Prefabs/Invidual_Item_Prefabs/Taco.prefab
  artifactKey: Guid(e20941f19ebd34ee58cbf9e66cc477af) Importer(2089858483,b0f066a214c2f5e87bad3c948f4d605d)
Start importing Assets/TP_FastFood/Prefabs/Invidual_Item_Prefabs/Taco.prefab using Guid(e20941f19ebd34ee58cbf9e66cc477af) Importer(2089858483,b0f066a214c2f5e87bad3c948f4d605d) (ScriptedImporter) -> (artifact id: '0765cb9cd1f36396578f8195d39e5213') in 0.0443825 seconds
Number of updated asset objects reloaded before import = 0Number of asset objects unloaded after import = 33

========================================================================
Received Import Request.
  Time since last request: 0.163756 seconds.
  path: Assets/TP_FastFood/Prefabs/Invidual_Item_Prefabs/Tray_With_Napkin_Blue.prefab
  artifactKey: Guid(50800b564d5714db68f3507e18247a9f) Importer(2089858483,b0f066a214c2f5e87bad3c948f4d605d)
Start importing Assets/TP_FastFood/Prefabs/Invidual_Item_Prefabs/Tray_With_Napkin_Blue.prefab using Guid(50800b564d5714db68f3507e18247a9f) Importer(2089858483,b0f066a214c2f5e87bad3c948f4d605d) (ScriptedImporter) -> (artifact id: '5f77387e24aa17ee3db5754313a22cce') in 0.0161331 seconds
Number of updated asset objects reloaded before import = 0Number of asset objects unloaded after import = 18

========================================================================
Received Import Request.
  Time since last request: 0.000038 seconds.
  path: Assets/TP_FastFood/Prefabs/Invidual_Item_Prefabs/Tray_With_Napkin_Yellow.prefab
  artifactKey: Guid(2f2a86f8970df4d909577800b9498c0b) Importer(2089858483,b0f066a214c2f5e87bad3c948f4d605d)
Start importing Assets/TP_FastFood/Prefabs/Invidual_Item_Prefabs/Tray_With_Napkin_Yellow.prefab using Guid(2f2a86f8970df4d909577800b9498c0b) Importer(2089858483,b0f066a214c2f5e87bad3c948f4d605d) (ScriptedImporter) -> (artifact id: '5ee938dc6e753fd5d2edfcec946c4f40') in 0.0100099 seconds
Number of updated asset objects reloaded before import = 0Number of asset objects unloaded after import = 18

========================================================================
Received Import Request.
  Time since last request: 0.207798 seconds.
  path: Assets/Yodah_the_Cat/Stylized bread serving/Material/Yodah_the_Cat_Material.mat
  artifactKey: Guid(2b3e642e7b05d0d4fa725179ef0f0f3d) Importer(2089858483,b0f066a214c2f5e87bad3c948f4d605d)
Start importing Assets/Yodah_the_Cat/Stylized bread serving/Material/Yodah_the_Cat_Material.mat using Guid(2b3e642e7b05d0d4fa725179ef0f0f3d) Importer(2089858483,b0f066a214c2f5e87bad3c948f4d605d) (ScriptedImporter) -> (artifact id: '165c79efe13e7b1488beb395c5c7c050') in 1.2381388 seconds
Number of updated asset objects reloaded before import = 0Number of asset objects unloaded after import = 10

========================================================================
Received Import Request.
  Time since last request: 0.159785 seconds.
  path: Assets/Yodah_the_Cat/Stylized bread serving/Meshes/WhiteBreadHalf.mesh
  artifactKey: Guid(084809b9201bbf94c889826450484125) Importer(2089858483,b0f066a214c2f5e87bad3c948f4d605d)
Start importing Assets/Yodah_the_Cat/Stylized bread serving/Meshes/WhiteBreadHalf.mesh using Guid(084809b9201bbf94c889826450484125) Importer(2089858483,b0f066a214c2f5e87bad3c948f4d605d) (ScriptedImporter) -> (artifact id: '02243e2f5a513710315d7b53ff4baedc') in 0.0128617 seconds
Number of updated asset objects reloaded before import = 0Number of asset objects unloaded after import = 1

========================================================================
Received Import Request.
  Time since last request: 0.000038 seconds.
  path: Assets/Yodah_the_Cat/Stylized bread serving/Meshes/WhiteBreadSlice.mesh
  artifactKey: Guid(25a60924d9c37254fa677d1544d54d26) Importer(2089858483,b0f066a214c2f5e87bad3c948f4d605d)
Start importing Assets/Yodah_the_Cat/Stylized bread serving/Meshes/WhiteBreadSlice.mesh using Guid(25a60924d9c37254fa677d1544d54d26) Importer(2089858483,b0f066a214c2f5e87bad3c948f4d605d) (ScriptedImporter) -> (artifact id: '8940ded84c71ce3a51c89b3be6e7c4d0') in 0.0054306 seconds
Number of updated asset objects reloaded before import = 0Number of asset objects unloaded after import = 1

========================================================================
Received Import Request.
  Time since last request: 0.181418 seconds.
  path: Assets/Yodah_the_Cat/Stylized bread serving/Prefabs/BrownBreadSlice.prefab
  artifactKey: Guid(152c22fdf04d1e9498a4f9f8d5430b10) Importer(2089858483,b0f066a214c2f5e87bad3c948f4d605d)
Start importing Assets/Yodah_the_Cat/Stylized bread serving/Prefabs/BrownBreadSlice.prefab using Guid(152c22fdf04d1e9498a4f9f8d5430b10) Importer(2089858483,b0f066a214c2f5e87bad3c948f4d605d) (ScriptedImporter) -> (artifact id: 'c61c7febe5fe34eba5f8ee12486116cb') in 0.0657495 seconds
Number of updated asset objects reloaded before import = 0Number of asset objects unloaded after import = 9

========================================================================
Received Import Request.
  Time since last request: 0.000042 seconds.
  path: Assets/Yodah_the_Cat/Stylized bread serving/Prefabs/BunSesame.prefab
  artifactKey: Guid(0832ee88b2653884293491170430efdc) Importer(2089858483,b0f066a214c2f5e87bad3c948f4d605d)
Start importing Assets/Yodah_the_Cat/Stylized bread serving/Prefabs/BunSesame.prefab using Guid(0832ee88b2653884293491170430efdc) Importer(2089858483,b0f066a214c2f5e87bad3c948f4d605d) (ScriptedImporter) -> (artifact id: '18b3853e42c563fc002bf38549343fad') in 0.0556599 seconds
Number of updated asset objects reloaded before import = 0Number of asset objects unloaded after import = 9

========================================================================
Received Import Request.
  Time since last request: 0.172518 seconds.
  path: Assets/Yodah_the_Cat/Stylized bread serving/Prefabs/LoafHalf.prefab
  artifactKey: Guid(89784ee0f76f45346931d3b483c2becc) Importer(2089858483,b0f066a214c2f5e87bad3c948f4d605d)
Start importing Assets/Yodah_the_Cat/Stylized bread serving/Prefabs/LoafHalf.prefab using Guid(89784ee0f76f45346931d3b483c2becc) Importer(2089858483,b0f066a214c2f5e87bad3c948f4d605d) (ScriptedImporter) -> (artifact id: 'efd53b79ca71136d978d85cd2b1fdf16') in 0.0428647 seconds
Number of updated asset objects reloaded before import = 0Number of asset objects unloaded after import = 9

========================================================================
Received Import Request.
  Time since last request: 0.002769 seconds.
  path: Assets/Yodah_the_Cat/Stylized bread serving/Prefabs/Table.prefab
  artifactKey: Guid(6f6a402a257aba94e9fce97d089eb5b1) Importer(2089858483,b0f066a214c2f5e87bad3c948f4d605d)
Start importing Assets/Yodah_the_Cat/Stylized bread serving/Prefabs/Table.prefab using Guid(6f6a402a257aba94e9fce97d089eb5b1) Importer(2089858483,b0f066a214c2f5e87bad3c948f4d605d) (ScriptedImporter) -> (artifact id: 'e3d2e1e68ecefd7e3d90935eba093467') in 0.0373234 seconds
Number of updated asset objects reloaded before import = 0Number of asset objects unloaded after import = 9

========================================================================
Received Import Request.
  Time since last request: 0.134024 seconds.
  path: Assets/Yodah_the_Cat/Stylized bread serving/Prefabs/WhiteBreadSlice.prefab
  artifactKey: Guid(bea1bcd34bf9c00439f4a722c2b99860) Importer(2089858483,b0f066a214c2f5e87bad3c948f4d605d)
Start importing Assets/Yodah_the_Cat/Stylized bread serving/Prefabs/WhiteBreadSlice.prefab using Guid(bea1bcd34bf9c00439f4a722c2b99860) Importer(2089858483,b0f066a214c2f5e87bad3c948f4d605d) (ScriptedImporter) -> (artifact id: '33883bcae2da4190de03ab86beb42582') in 0.0609261 seconds
Number of updated asset objects reloaded before import = 0Number of asset objects unloaded after import = 9

========================================================================
Received Import Request.
  Time since last request: 0.000044 seconds.
  path: Assets/Yodah_the_Cat/Stylized bread serving/Shader Graphs/Yodah_the_Cat_HDRP.shadergraph
  artifactKey: Guid(3f29d78f64bcf194dabe7ce7048feb07) Importer(2089858483,b0f066a214c2f5e87bad3c948f4d605d)
Start importing Assets/Yodah_the_Cat/Stylized bread serving/Shader Graphs/Yodah_the_Cat_HDRP.shadergraph using Guid(3f29d78f64bcf194dabe7ce7048feb07) Importer(2089858483,b0f066a214c2f5e87bad3c948f4d605d) (ScriptedImporter) -> (artifact id: '3bc20dbc4ce66e361df27c6a0cd162c8') in 0.1339014 seconds
Number of updated asset objects reloaded before import = 0Number of asset objects unloaded after import = 3

========================================================================
Received Import Request.
  Time since last request: 0.052302 seconds.
  path: Assets/Yodah_the_Cat/Stylized bread serving/Textures/Yodah_palete_BaseColour.png
  artifactKey: Guid(de373a64058f33a43bdf00249a50aef5) Importer(2089858483,b0f066a214c2f5e87bad3c948f4d605d)
Start importing Assets/Yodah_the_Cat/Stylized bread serving/Textures/Yodah_palete_BaseColour.png using Guid(de373a64058f33a43bdf00249a50aef5) Importer(2089858483,b0f066a214c2f5e87bad3c948f4d605d) (ScriptedImporter) -> (artifact id: '4172b8c9c0bbda4b74f5890962f0f038') in 0.0487225 seconds
Number of updated asset objects reloaded before import = 0Number of asset objects unloaded after import = 1

========================================================================
Received Import Request.
  Time since last request: 0.000037 seconds.
  path: Assets/Yodah_the_Cat/Stylized bread serving/Textures/Yodah_palete_roughness.png
  artifactKey: Guid(8963fa6b647a2ed4599a8252f9d97065) Importer(2089858483,b0f066a214c2f5e87bad3c948f4d605d)
Start importing Assets/Yodah_the_Cat/Stylized bread serving/Textures/Yodah_palete_roughness.png using Guid(8963fa6b647a2ed4599a8252f9d97065) Importer(2089858483,b0f066a214c2f5e87bad3c948f4d605d) (ScriptedImporter) -> (artifact id: 'a81e16e23c13196b61d9fad2459d79a5') in 0.0320028 seconds
Number of updated asset objects reloaded before import = 0Number of asset objects unloaded after import = 1

========================================================================
Received Import Request.
  Time since last request: 0.000039 seconds.
  path: Assets/Yodah_the_Cat/Stylized bread serving/Textures/Yodah_palete_emission.png
  artifactKey: Guid(226eb769a11225d47b760aa0af2b5f3b) Importer(2089858483,b0f066a214c2f5e87bad3c948f4d605d)
Start importing Assets/Yodah_the_Cat/Stylized bread serving/Textures/Yodah_palete_emission.png using Guid(226eb769a11225d47b760aa0af2b5f3b) Importer(2089858483,b0f066a214c2f5e87bad3c948f4d605d) (ScriptedImporter) -> (artifact id: '44c47a65be259b01ddb3429e96db27bb') in 0.0433284 seconds
Number of updated asset objects reloaded before import = 0Number of asset objects unloaded after import = 1

========================================================================
Received Import Request.
  Time since last request: 0.000048 seconds.
  path: Assets/TP_FastFood/Prefabs/Combos/Blue_Theme/Combo_Full_Blue.prefab
  artifactKey: Guid(524300b41524848988f06b131d209b79) Importer(2089858483,b0f066a214c2f5e87bad3c948f4d605d)
Start importing Assets/TP_FastFood/Prefabs/Combos/Blue_Theme/Combo_Full_Blue.prefab using Guid(524300b41524848988f06b131d209b79) Importer(2089858483,b0f066a214c2f5e87bad3c948f4d605d) (ScriptedImporter) -> (artifact id: '9f89da9c749236e25359a2509564e101') in 0.0535001 seconds
Number of updated asset objects reloaded before import = 0Number of asset objects unloaded after import = 129

========================================================================
Received Import Request.
  Time since last request: 0.001947 seconds.
  path: Assets/Yodah_the_Cat/Stylized bread serving/Textures/Yodah_palete_metalic.png
  artifactKey: Guid(d0dc5528d7daf4e4fb7401220b625cdf) Importer(2089858483,b0f066a214c2f5e87bad3c948f4d605d)
Start importing Assets/Yodah_the_Cat/Stylized bread serving/Textures/Yodah_palete_metalic.png using Guid(d0dc5528d7daf4e4fb7401220b625cdf) Importer(2089858483,b0f066a214c2f5e87bad3c948f4d605d) (ScriptedImporter) -> (artifact id: '61b8a7fb6abbd7cb2a9e66dea6d4d20a') in 0.0604477 seconds
Number of updated asset objects reloaded before import = 0Number of asset objects unloaded after import = 1

========================================================================
Received Import Request.
  Time since last request: 0.000080 seconds.
  path: Assets/TP_FastFood/Prefabs/Combos/Red_Theme/Combo_Full_Red.prefab
  artifactKey: Guid(4ff22b0e6a387458a9ffa1e1e83c6cdc) Importer(2089858483,b0f066a214c2f5e87bad3c948f4d605d)
Start importing Assets/TP_FastFood/Prefabs/Combos/Red_Theme/Combo_Full_Red.prefab using Guid(4ff22b0e6a387458a9ffa1e1e83c6cdc) Importer(2089858483,b0f066a214c2f5e87bad3c948f4d605d) (ScriptedImporter) -> (artifact id: 'c0f88eee92585e131af9604a22838e7d') in 0.0376092 seconds
Number of updated asset objects reloaded before import = 0Number of asset objects unloaded after import = 129

========================================================================
Received Import Request.
  Time since last request: 0.285269 seconds.
  path: Assets/TP_FastFood/Prefabs/Combos/Blue_Theme/Takeaways/Burger_Double_Patty_Takeaway_Blue.prefab
  artifactKey: Guid(51ba72c66786c4341b9cdc8f2ffb5fe3) Importer(2089858483,b0f066a214c2f5e87bad3c948f4d605d)
Start importing Assets/TP_FastFood/Prefabs/Combos/Blue_Theme/Takeaways/Burger_Double_Patty_Takeaway_Blue.prefab using Guid(51ba72c66786c4341b9cdc8f2ffb5fe3) Importer(2089858483,b0f066a214c2f5e87bad3c948f4d605d) (ScriptedImporter) -> (artifact id: '8c1d3d4880ac8f5d21be95f7fc598b7e') in 0.0748059 seconds
Number of updated asset objects reloaded before import = 0Number of asset objects unloaded after import = 44

========================================================================
Received Import Request.
  Time since last request: 0.000042 seconds.
  path: Assets/TP_FastFood/Prefabs/Combos/Blue_Theme/Takeaways/Burger_Single_Patty_Takeaway_Blue.prefab
  artifactKey: Guid(c73ae98e838304cfc96fd2e62c4cef82) Importer(2089858483,b0f066a214c2f5e87bad3c948f4d605d)
Start importing Assets/TP_FastFood/Prefabs/Combos/Blue_Theme/Takeaways/Burger_Single_Patty_Takeaway_Blue.prefab using Guid(c73ae98e838304cfc96fd2e62c4cef82) Importer(2089858483,b0f066a214c2f5e87bad3c948f4d605d) (ScriptedImporter) -> (artifact id: '358a84028cfc8ad6b18874570e893a8f') in 0.0199552 seconds
Number of updated asset objects reloaded before import = 0Number of asset objects unloaded after import = 34

========================================================================
Received Import Request.
  Time since last request: 0.169068 seconds.
  path: Assets/Foods/6662d20e-2fc1-4247-a366-04f06147d6ca.png
  artifactKey: Guid(fd5e573e8d3ed0f41b1ba651c8c0919e) Importer(2089858483,b0f066a214c2f5e87bad3c948f4d605d)
Start importing Assets/Foods/6662d20e-2fc1-4247-a366-04f06147d6ca.png using Guid(fd5e573e8d3ed0f41b1ba651c8c0919e) Importer(2089858483,b0f066a214c2f5e87bad3c948f4d605d) (ScriptedImporter) -> (artifact id: 'e349b70553bbc345375d8d8346200860') in 0.1188622 seconds
Number of updated asset objects reloaded before import = 0Number of asset objects unloaded after import = 3

========================================================================
Received Import Request.
  Time since last request: 0.000038 seconds.
  path: Assets/TP_FastFood/Models/Napkin_Blue.fbx
  artifactKey: Guid(25bc031cae24b4be6a3826788477519a) Importer(2089858483,b0f066a214c2f5e87bad3c948f4d605d)
Start importing Assets/TP_FastFood/Models/Napkin_Blue.fbx using Guid(25bc031cae24b4be6a3826788477519a) Importer(2089858483,b0f066a214c2f5e87bad3c948f4d605d) (ScriptedImporter) -> (artifact id: 'f35e4c5b7384d4514b0ec467e7ab1460') in 0.1038241 seconds
Number of updated asset objects reloaded before import = 0Number of asset objects unloaded after import = 8

========================================================================
Received Import Request.
  Time since last request: 0.000052 seconds.
  path: Assets/TP_FastFood/Prefabs/Combos/Yellow_Theme/Takeaways/Burger_Double_Patty_Takeaway_Yellow.prefab
  artifactKey: Guid(a6abdfbfc15bb4340ab081f877de6395) Importer(2089858483,b0f066a214c2f5e87bad3c948f4d605d)
Start importing Assets/TP_FastFood/Prefabs/Combos/Yellow_Theme/Takeaways/Burger_Double_Patty_Takeaway_Yellow.prefab using Guid(a6abdfbfc15bb4340ab081f877de6395) Importer(2089858483,b0f066a214c2f5e87bad3c948f4d605d) (ScriptedImporter) -> (artifact id: '76d461065b689da77db962566f63bf6e') in 0.0512613 seconds
Number of updated asset objects reloaded before import = 0Number of asset objects unloaded after import = 44

========================================================================
Received Import Request.
  Time since last request: 0.000037 seconds.
  path: Assets/TextMesh Pro/Shaders/TMP_SDF-Mobile Overlay.shader
  artifactKey: Guid(a02a7d8c237544f1962732b55a9aebf1) Importer(2089858483,b0f066a214c2f5e87bad3c948f4d605d)
Start importing Assets/TextMesh Pro/Shaders/TMP_SDF-Mobile Overlay.shader using Guid(a02a7d8c237544f1962732b55a9aebf1) Importer(2089858483,b0f066a214c2f5e87bad3c948f4d605d) (ScriptedImporter) -> (artifact id: 'd297a3b6c8b2a22d688f396a068d1425') in 0.0291515 seconds
Number of updated asset objects reloaded before import = 0Number of asset objects unloaded after import = 1

========================================================================
Received Import Request.
  Time since last request: 0.000038 seconds.
  path: Assets/TP_FastFood/Models/Burger_Double_patty.fbx
  artifactKey: Guid(138edd300b607414686f4c88d101c1a1) Importer(2089858483,b0f066a214c2f5e87bad3c948f4d605d)
Start importing Assets/TP_FastFood/Models/Burger_Double_patty.fbx using Guid(138edd300b607414686f4c88d101c1a1) Importer(2089858483,b0f066a214c2f5e87bad3c948f4d605d) (ScriptedImporter) -> (artifact id: 'db5060cc67b6cd3bd3034fcb7cc4a741') in 0.0667344 seconds
Number of updated asset objects reloaded before import = 0Number of asset objects unloaded after import = 33

========================================================================
Received Import Request.
  Time since last request: 0.000084 seconds.
  path: Assets/TextMesh Pro/Shaders/TMP_Bitmap-Custom-Atlas.shader
  artifactKey: Guid(48bb5f55d8670e349b6e614913f9d910) Importer(2089858483,b0f066a214c2f5e87bad3c948f4d605d)
Start importing Assets/TextMesh Pro/Shaders/TMP_Bitmap-Custom-Atlas.shader using Guid(48bb5f55d8670e349b6e614913f9d910) Importer(2089858483,b0f066a214c2f5e87bad3c948f4d605d) (ScriptedImporter) -> (artifact id: '2fe7da93331b0feb44223b558fa549cc') in 0.0175058 seconds
Number of updated asset objects reloaded before import = 0Number of asset objects unloaded after import = 1

========================================================================
Received Import Request.
  Time since last request: 0.000061 seconds.
  path: Assets/TextMesh Pro/Shaders/TMPro_Surface.cginc
  artifactKey: Guid(d930090c0cd643c7b55f19a38538c162) Importer(2089858483,b0f066a214c2f5e87bad3c948f4d605d)
Start importing Assets/TextMesh Pro/Shaders/TMPro_Surface.cginc using Guid(d930090c0cd643c7b55f19a38538c162) Importer(2089858483,b0f066a214c2f5e87bad3c948f4d605d) (ScriptedImporter) -> (artifact id: '13c15e0756e092e02908332e1c89542c') in 0.0240764 seconds
Number of updated asset objects reloaded before import = 0Number of asset objects unloaded after import = 1

========================================================================
Received Import Request.
  Time since last request: 0.000041 seconds.
  path: Assets/TP_FastFood/Prefabs/Combos/Red_Theme/Takeaways/HotDog_Takeaway_Red.prefab
  artifactKey: Guid(37cb54e6e0da84eb69e6ce063de0b5f4) Importer(2089858483,b0f066a214c2f5e87bad3c948f4d605d)
Start importing Assets/TP_FastFood/Prefabs/Combos/Red_Theme/Takeaways/HotDog_Takeaway_Red.prefab using Guid(37cb54e6e0da84eb69e6ce063de0b5f4) Importer(2089858483,b0f066a214c2f5e87bad3c948f4d605d) (ScriptedImporter) -> (artifact id: '8e8a6be35e95756bd7f3c58de3769443') in 0.0313054 seconds
Number of updated asset objects reloaded before import = 0Number of asset objects unloaded after import = 66

========================================================================
Received Import Request.
  Time since last request: 0.000055 seconds.
  path: Assets/TextMesh Pro/Resources/LineBreaking Leading Characters.txt
  artifactKey: Guid(d82c1b31c7e74239bff1220585707d2b) Importer(2089858483,b0f066a214c2f5e87bad3c948f4d605d)
Start importing Assets/TextMesh Pro/Resources/LineBreaking Leading Characters.txt using Guid(d82c1b31c7e74239bff1220585707d2b) Importer(2089858483,b0f066a214c2f5e87bad3c948f4d605d) (ScriptedImporter) -> (artifact id: '21e6b836a5e11df163020aa9d170d1a6') in 0.0074463 seconds
Number of updated asset objects reloaded before import = 0Number of asset objects unloaded after import = 1

========================================================================
Received Import Request.
  Time since last request: 0.000033 seconds.
  path: Assets/TutorialInfo/Layout.wlt
  artifactKey: Guid(eabc9546105bf4accac1fd62a63e88e6) Importer(2089858483,b0f066a214c2f5e87bad3c948f4d605d)
Start importing Assets/TutorialInfo/Layout.wlt using Guid(eabc9546105bf4accac1fd62a63e88e6) Importer(2089858483,b0f066a214c2f5e87bad3c948f4d605d) (ScriptedImporter) -> (artifact id: '3b47b9f8327085bec214b84e1ba5604b') in 0.0192496 seconds
Number of updated asset objects reloaded before import = 0Number of asset objects unloaded after import = 1

========================================================================
Received Import Request.
  Time since last request: 0.000039 seconds.
  path: Assets/Materials/Red.mat
  artifactKey: Guid(e70fc8c201b04b748a962c619f6b5d60) Importer(2089858483,b0f066a214c2f5e87bad3c948f4d605d)
Start importing Assets/Materials/Red.mat using Guid(e70fc8c201b04b748a962c619f6b5d60) Importer(2089858483,b0f066a214c2f5e87bad3c948f4d605d) (ScriptedImporter) -> (artifact id: '398f025655e8f8bc2e0c4c561ea992f3') in 0.2222392 seconds
Number of updated asset objects reloaded before import = 0Number of asset objects unloaded after import = 2

========================================================================
Received Import Request.
  Time since last request: 0.041019 seconds.
  path: Assets/TP_FastFood/Models/IceCream_Strawberry.fbx
  artifactKey: Guid(38cbc6031b0fe4d2fbc3af7c9faf3968) Importer(2089858483,b0f066a214c2f5e87bad3c948f4d605d)
Start importing Assets/TP_FastFood/Models/IceCream_Strawberry.fbx using Guid(38cbc6031b0fe4d2fbc3af7c9faf3968) Importer(2089858483,b0f066a214c2f5e87bad3c948f4d605d) (ScriptedImporter) -> (artifact id: 'e3e45fbbd7c5969d388c67e9607d08ac') in 0.0546769 seconds
Number of updated asset objects reloaded before import = 0Number of asset objects unloaded after import = 13

========================================================================
Received Import Request.
  Time since last request: 0.000039 seconds.
  path: Assets/TP_FastFood/Materials/ColorPallete.mat
  artifactKey: Guid(030246b172c6546a29e2a2ef99d2adfd) Importer(2089858483,b0f066a214c2f5e87bad3c948f4d605d)
Start importing Assets/TP_FastFood/Materials/ColorPallete.mat using Guid(030246b172c6546a29e2a2ef99d2adfd) Importer(2089858483,b0f066a214c2f5e87bad3c948f4d605d) (ScriptedImporter) -> (artifact id: '46da039026fbcffbc68e135a003ec952') in 0.0181038 seconds
Number of updated asset objects reloaded before import = 0Number of asset objects unloaded after import = 2

========================================================================
Received Import Request.
  Time since last request: 0.000052 seconds.
  path: Assets/TextMesh Pro/Shaders/TMP_SDF-URP Unlit.shadergraph
  artifactKey: Guid(124c112a6e8f1a54e8b0870e881b56d8) Importer(2089858483,b0f066a214c2f5e87bad3c948f4d605d)
Start importing Assets/TextMesh Pro/Shaders/TMP_SDF-URP Unlit.shadergraph using Guid(124c112a6e8f1a54e8b0870e881b56d8) Importer(2089858483,b0f066a214c2f5e87bad3c948f4d605d) (ScriptedImporter) -> (artifact id: '247ba67c08d7dc29f720bffd42eff805') in 1.2233867 seconds
Number of updated asset objects reloaded before import = 0Number of asset objects unloaded after import = 4

========================================================================
Received Import Request.
  Time since last request: 0.000048 seconds.
  path: Assets/TP_FastFood/Models/Napkin_Red.fbx
  artifactKey: Guid(c9de6b9243c3d433ab2ceb4edcc3d329) Importer(2089858483,b0f066a214c2f5e87bad3c948f4d605d)
Start importing Assets/TP_FastFood/Models/Napkin_Red.fbx using Guid(c9de6b9243c3d433ab2ceb4edcc3d329) Importer(2089858483,b0f066a214c2f5e87bad3c948f4d605d) (ScriptedImporter) -> (artifact id: 'd38b5add0ecaee57447b5f6ca5e98894') in 0.0230864 seconds
Number of updated asset objects reloaded before import = 0Number of asset objects unloaded after import = 8

========================================================================
Received Import Request.
  Time since last request: 0.000034 seconds.
  path: Assets/TP_FastFood/Models/Dips_2.fbx
  artifactKey: Guid(255a3a074a4eb4575ae1678e8dc5c5c0) Importer(2089858483,b0f066a214c2f5e87bad3c948f4d605d)
Start importing Assets/TP_FastFood/Models/Dips_2.fbx using Guid(255a3a074a4eb4575ae1678e8dc5c5c0) Importer(2089858483,b0f066a214c2f5e87bad3c948f4d605d) (ScriptedImporter) -> (artifact id: 'd163231aae11545827329a277d520eb9') in 0.023387 seconds
Number of updated asset objects reloaded before import = 0Number of asset objects unloaded after import = 8

========================================================================
Received Import Request.
  Time since last request: 0.000039 seconds.
  path: Assets/TextMesh Pro/Shaders/TMP_SDF-HDRP UNLIT.shadergraph
  artifactKey: Guid(f63d574838ccfb44f84acc05fed0af48) Importer(2089858483,b0f066a214c2f5e87bad3c948f4d605d)
Start importing Assets/TextMesh Pro/Shaders/TMP_SDF-HDRP UNLIT.shadergraph using Guid(f63d574838ccfb44f84acc05fed0af48) Importer(2089858483,b0f066a214c2f5e87bad3c948f4d605d) (ScriptedImporter) -> (artifact id: '82c7de37f5bdb28629dbfad8b91d2f42') in 0.0194391 seconds
Number of updated asset objects reloaded before import = 0Number of asset objects unloaded after import = 3

========================================================================
Received Import Request.
  Time since last request: 0.000049 seconds.
  path: Assets/Foods/bc894383-673c-405e-9ded-55d185934a19.png
  artifactKey: Guid(245bff8ddebd5744f9b2b8703064237c) Importer(2089858483,b0f066a214c2f5e87bad3c948f4d605d)
Start importing Assets/Foods/bc894383-673c-405e-9ded-55d185934a19.png using Guid(245bff8ddebd5744f9b2b8703064237c) Importer(2089858483,b0f066a214c2f5e87bad3c948f4d605d) (ScriptedImporter) -> (artifact id: 'b2e1445bd8a69a39e6bd6cb5bb93dfa3') in 0.1229091 seconds
Number of updated asset objects reloaded before import = 0Number of asset objects unloaded after import = 3

========================================================================
Received Import Request.
  Time since last request: 0.000037 seconds.
  path: Assets/TP_FastFood/Prefabs/Invidual_Item_Prefabs/Burger_Double_patty.prefab
  artifactKey: Guid(1b7181e7e3a3e427495c816b0f373e1b) Importer(2089858483,b0f066a214c2f5e87bad3c948f4d605d)
Start importing Assets/TP_FastFood/Prefabs/Invidual_Item_Prefabs/Burger_Double_patty.prefab using Guid(1b7181e7e3a3e427495c816b0f373e1b) Importer(2089858483,b0f066a214c2f5e87bad3c948f4d605d) (ScriptedImporter) -> (artifact id: '2f27496dd40e2af7a891bd154e8f408b') in 0.1011962 seconds
Number of updated asset objects reloaded before import = 0Number of asset objects unloaded after import = 33

========================================================================
Received Import Request.
  Time since last request: 0.000117 seconds.
  path: Assets/Foods/6dee018a-278c-4566-9ef6-77769bdccb7a.png
  artifactKey: Guid(d7c178fba5c23694ebc7f87f20134192) Importer(2089858483,b0f066a214c2f5e87bad3c948f4d605d)
Start importing Assets/Foods/6dee018a-278c-4566-9ef6-77769bdccb7a.png using Guid(d7c178fba5c23694ebc7f87f20134192) Importer(2089858483,b0f066a214c2f5e87bad3c948f4d605d) (ScriptedImporter) -> (artifact id: 'cddbeda90ccc0fc31e5ac9a6af3461f1') in 0.1144675 seconds
Number of updated asset objects reloaded before import = 0Number of asset objects unloaded after import = 3

========================================================================
Received Import Request.
  Time since last request: 0.000050 seconds.
  path: Assets/TP_FastFood/Models/FrenchFries__Red.fbx
  artifactKey: Guid(2c4a0ee3947e14ccd9574cbfb93320eb) Importer(2089858483,b0f066a214c2f5e87bad3c948f4d605d)
Start importing Assets/TP_FastFood/Models/FrenchFries__Red.fbx using Guid(2c4a0ee3947e14ccd9574cbfb93320eb) Importer(2089858483,b0f066a214c2f5e87bad3c948f4d605d) (ScriptedImporter) -> (artifact id: '1dfff2b6b3388a82963ed73a9c70309e') in 0.0761667 seconds
Number of updated asset objects reloaded before import = 0Number of asset objects unloaded after import = 48

========================================================================
Received Import Request.
  Time since last request: 0.000037 seconds.
  path: Assets/TextMesh Pro/Shaders/TMP_Sprite.shader
  artifactKey: Guid(cf81c85f95fe47e1a27f6ae460cf182c) Importer(2089858483,b0f066a214c2f5e87bad3c948f4d605d)
Start importing Assets/TextMesh Pro/Shaders/TMP_Sprite.shader using Guid(cf81c85f95fe47e1a27f6ae460cf182c) Importer(2089858483,b0f066a214c2f5e87bad3c948f4d605d) (ScriptedImporter) -> (artifact id: '689e4d8e1ac51d8af8e1265ea5556f22') in 0.0639015 seconds
Number of updated asset objects reloaded before import = 0Number of asset objects unloaded after import = 1

========================================================================
Received Import Request.
  Time since last request: 0.000040 seconds.
  path: Assets/TP_FastFood/Models/ParcelBox_Red.fbx
  artifactKey: Guid(968f4fe0810f240c3a369badcba7b59c) Importer(2089858483,b0f066a214c2f5e87bad3c948f4d605d)
Start importing Assets/TP_FastFood/Models/ParcelBox_Red.fbx using Guid(968f4fe0810f240c3a369badcba7b59c) Importer(2089858483,b0f066a214c2f5e87bad3c948f4d605d) (ScriptedImporter) -> (artifact id: '0cef333c12818452ff8f204affff6ba6') in 0.06479 seconds
Number of updated asset objects reloaded before import = 0Number of asset objects unloaded after import = 13

========================================================================
Received Import Request.
  Time since last request: 0.000048 seconds.
  path: Assets/TextMesh Pro/Shaders/TMP_SDF-Surface-Mobile.shader
  artifactKey: Guid(85187c2149c549c5b33f0cdb02836b17) Importer(2089858483,b0f066a214c2f5e87bad3c948f4d605d)
Start importing Assets/TextMesh Pro/Shaders/TMP_SDF-Surface-Mobile.shader using Guid(85187c2149c549c5b33f0cdb02836b17) Importer(2089858483,b0f066a214c2f5e87bad3c948f4d605d) (ScriptedImporter) -> (artifact id: 'e75d19c8b7fc5b7449e5fb2bf819b6b9') in 0.0325439 seconds
Number of updated asset objects reloaded before import = 0Number of asset objects unloaded after import = 1

========================================================================
Received Import Request.
  Time since last request: 0.000033 seconds.
  path: Assets/Scripts/Food.cs
  artifactKey: Guid(2c628d5be43d58d4e862414fd4215d82) Importer(2089858483,b0f066a214c2f5e87bad3c948f4d605d)
Start importing Assets/Scripts/Food.cs using Guid(2c628d5be43d58d4e862414fd4215d82) Importer(2089858483,b0f066a214c2f5e87bad3c948f4d605d) (ScriptedImporter) -> (artifact id: '9332fee0a9883da205c4e5c255492771') in 0.0266913 seconds
Number of updated asset objects reloaded before import = 0Number of asset objects unloaded after import = 0

========================================================================
Received Import Request.
  Time since last request: 0.000072 seconds.
  path: Assets/Prefabs/BreadNormal_Base.prefab
  artifactKey: Guid(ead3b603c7b33e140a2a632b841555bf) Importer(2089858483,b0f066a214c2f5e87bad3c948f4d605d)
Start importing Assets/Prefabs/BreadNormal_Base.prefab using Guid(ead3b603c7b33e140a2a632b841555bf) Importer(2089858483,b0f066a214c2f5e87bad3c948f4d605d) (ScriptedImporter) -> (artifact id: '505d28662bdffd5629c50dbeb1f56945') in 0.0205699 seconds
Number of updated asset objects reloaded before import = 0Number of asset objects unloaded after import = 11

========================================================================
Received Import Request.
  Time since last request: 2.997029 seconds.
  path: Assets/Scripts/FoodType.cs
  artifactKey: Guid(3a04b7ba4599426408d51d21ce7eb4a8) Importer(2089858483,b0f066a214c2f5e87bad3c948f4d605d)
Start importing Assets/Scripts/FoodType.cs using Guid(3a04b7ba4599426408d51d21ce7eb4a8) Importer(2089858483,b0f066a214c2f5e87bad3c948f4d605d) (ScriptedImporter) -> (artifact id: '03cc29fdde59d35f10ee05db7049dd69') in 0.0909293 seconds
Number of updated asset objects reloaded before import = 0Number of asset objects unloaded after import = 0

========================================================================
Received Import Request.
  Time since last request: 0.000093 seconds.
  path: Assets/TextMesh Pro/Shaders/TMPro.cginc
  artifactKey: Guid(407bc68d299748449bbf7f48ee690f8d) Importer(2089858483,b0f066a214c2f5e87bad3c948f4d605d)
Start importing Assets/TextMesh Pro/Shaders/TMPro.cginc using Guid(407bc68d299748449bbf7f48ee690f8d) Importer(2089858483,b0f066a214c2f5e87bad3c948f4d605d) (ScriptedImporter) -> (artifact id: 'e2a4330d8236d6773b48c3b5dddcd88d') in 0.0283139 seconds
Number of updated asset objects reloaded before import = 0Number of asset objects unloaded after import = 1

========================================================================
Received Import Request.
  Time since last request: 0.000048 seconds.
  path: Assets/TextMesh Pro/Shaders/TMP_SDF Overlay.shader
  artifactKey: Guid(dd89cf5b9246416f84610a006f916af7) Importer(2089858483,b0f066a214c2f5e87bad3c948f4d605d)
Start importing Assets/TextMesh Pro/Shaders/TMP_SDF Overlay.shader using Guid(dd89cf5b9246416f84610a006f916af7) Importer(2089858483,b0f066a214c2f5e87bad3c948f4d605d) (ScriptedImporter) -> (artifact id: '8a30d9b54083bce1491ccdd9cb180845') in 0.0189854 seconds
Number of updated asset objects reloaded before import = 0Number of asset objects unloaded after import = 1

========================================================================
Received Import Request.
  Time since last request: 0.000035 seconds.
  path: Assets/TextMesh Pro/Resources/TMP Settings.asset
  artifactKey: Guid(3f5b5dff67a942289a9defa416b206f3) Importer(2089858483,b0f066a214c2f5e87bad3c948f4d605d)
Start importing Assets/TextMesh Pro/Resources/TMP Settings.asset using Guid(3f5b5dff67a942289a9defa416b206f3) Importer(2089858483,b0f066a214c2f5e87bad3c948f4d605d) (ScriptedImporter) -> (artifact id: 'e094024c8457c46b1ca387566bacb7fa') in 0.1777707 seconds
Number of updated asset objects reloaded before import = 0Number of asset objects unloaded after import = 15

========================================================================
Received Import Request.
  Time since last request: 0.000042 seconds.
  path: Assets/TP_FastFood/Prefabs/Combos/Yellow_Theme/Takeaways/Crossiant_Takeaway_Yellow.prefab
  artifactKey: Guid(5a27fa2409d9b4bd393f0390648cbaba) Importer(2089858483,b0f066a214c2f5e87bad3c948f4d605d)
Start importing Assets/TP_FastFood/Prefabs/Combos/Yellow_Theme/Takeaways/Crossiant_Takeaway_Yellow.prefab using Guid(5a27fa2409d9b4bd393f0390648cbaba) Importer(2089858483,b0f066a214c2f5e87bad3c948f4d605d) (ScriptedImporter) -> (artifact id: 'afc469d54f526cdb5c1df0af5e8b5506') in 0.0305952 seconds
Number of updated asset objects reloaded before import = 0Number of asset objects unloaded after import = 31

========================================================================
Received Import Request.
  Time since last request: 0.000048 seconds.
  path: Assets/TutorialInfo/Icons/URP.png
  artifactKey: Guid(727a75301c3d24613a3ebcec4a24c2c8) Importer(2089858483,b0f066a214c2f5e87bad3c948f4d605d)
Start importing Assets/TutorialInfo/Icons/URP.png using Guid(727a75301c3d24613a3ebcec4a24c2c8) Importer(2089858483,b0f066a214c2f5e87bad3c948f4d605d) (ScriptedImporter) -> (artifact id: '997d66ded49e51032487f6b98d441f38') in 0.0887222 seconds
Number of updated asset objects reloaded before import = 0Number of asset objects unloaded after import = 1

========================================================================
Received Import Request.
  Time since last request: 0.000034 seconds.
  path: Assets/Settings/PC_RPAsset.asset
  artifactKey: Guid(4b83569d67af61e458304325a23e5dfd) Importer(2089858483,b0f066a214c2f5e87bad3c948f4d605d)
Start importing Assets/Settings/PC_RPAsset.asset using Guid(4b83569d67af61e458304325a23e5dfd) Importer(2089858483,b0f066a214c2f5e87bad3c948f4d605d) (ScriptedImporter) -> (artifact id: 'b9cb7b7961fc2b61f2bd21965ec99661') in 0.286991 seconds
Number of updated asset objects reloaded before import = 0Number of asset objects unloaded after import = 1

========================================================================
Received Import Request.
  Time since last request: 0.000042 seconds.
  path: Assets/Settings/Mobile_Renderer.asset
  artifactKey: Guid(65bc7dbf4170f435aa868c779acfb082) Importer(2089858483,b0f066a214c2f5e87bad3c948f4d605d)
Start importing Assets/Settings/Mobile_Renderer.asset using Guid(65bc7dbf4170f435aa868c779acfb082) Importer(2089858483,b0f066a214c2f5e87bad3c948f4d605d) (ScriptedImporter) -> (artifact id: '1587d614554e5a9cc8fdb94f9c54ab41') in 0.0889233 seconds
Number of updated asset objects reloaded before import = 0Number of asset objects unloaded after import = 1

========================================================================
Received Import Request.
  Time since last request: 0.000095 seconds.
  path: Assets/Materials/Red.mat
  artifactKey: Guid(e70fc8c201b04b748a962c619f6b5d60) Importer(815301076,1909f56bfc062723c751e8b465ee728b)
Start importing Assets/Materials/Red.mat using Guid(e70fc8c201b04b748a962c619f6b5d60) Importer(815301076,1909f56bfc062723c751e8b465ee728b) (PreviewImporter) -> (artifact id: 'ca0f3a0b9eb6c555b9f9d9a20483fd80') in 10.4831629 seconds
Number of updated asset objects reloaded before import = 0Number of asset objects unloaded after import = 2

Editor requested this worker to shutdown with reason: Scaling down because of idle timeout
AssetImportWorker is now disconnected from the server
Process exiting
Exiting without the bug reporter. Application will terminate with return code 0