[Licensing::Module] Trying to connect to existing licensing client channel...
Built from '6000.3/staging' branch; Version is '6000.3.9f1 (7a9955a4f2fa) revision 8034645'; Using compiler version '194234433'; Build Type 'Release'
OS: 'Windows 11  (10.0.26200) Core' Language: 'pt' Physical Memory: 16252 MB
BatchMode: 1, IsHumanControllingUs: 0, StartBugReporterOnCrash: 0, Is64bit: 1
[Licensing::IpcConnector] Successfully connected to: "LicenseClient-thofa" at "2026-03-03T23:54:29.8530729Z"
System  architecture: x64
Process architecture: x64
Date: 2026-03-03T23:54:29Z

COMMAND LINE ARGUMENTS:
C:\Program Files\Unity\Hub\Editor\6000.3.9f1\Editor\Unity.exe
-adb2
-batchMode
-noUpm
-name
AssetImportWorker7
-projectPath
C:/Users/thofa/Documents/Thales/Estudos_E_Trabalhos/Projetos/Advergame_Eventouch_Test
-logFile
Logs/AssetImportWorker7.log
-srvPort
51612
-job-worker-count
5
-background-job-worker-count
8
-gc-helper-count
1
-name
AssetImport
Successfully changed project path to: C:/Users/thofa/Documents/Thales/Estudos_E_Trabalhos/Projetos/Advergame_Eventouch_Test
C:/Users/thofa/Documents/Thales/Estudos_E_Trabalhos/Projetos/Advergame_Eventouch_Test
[UnityMemory] Configuration Parameters - Can be set up in boot.config
    "memorysetup-temp-allocator-size-nav-mesh-worker=65536"
    "memorysetup-temp-allocator-size-audio-worker=65536"
    "memorysetup-temp-allocator-size-gfx=262144"
    "memorysetup-allocator-temp-initial-block-size-main=262144"
    "memorysetup-allocator-temp-initial-block-size-worker=262144"
    "memorysetup-temp-allocator-size-background-worker=32768"
    "memorysetup-temp-allocator-size-job-worker=262144"
    "memorysetup-temp-allocator-size-preload-manager=33554432"
    "memorysetup-temp-allocator-size-gi-baking-worker=262144"
    "memorysetup-temp-allocator-size-gi-baking-worker=262144"
    "memorysetup-temp-allocator-size-gi-baking-worker=262144"
    "memorysetup-temp-allocator-size-gi-baking-worker=262144"
    "memorysetup-temp-allocator-size-gi-baking-worker=262144"
    "memorysetup-bucket-allocator-granularity=16"
    "memorysetup-bucket-allocator-bucket-count=8"
    "memorysetup-bucket-allocator-block-size=33554432"
    "memorysetup-bucket-allocator-block-count=8"
    "memorysetup-main-allocator-block-size=16777216"
    "memorysetup-thread-allocator-block-size=16777216"
    "memorysetup-gfx-main-allocator-block-size=16777216"
    "memorysetup-gfx-thread-allocator-block-size=16777216"
    "memorysetup-cache-allocator-block-size=4194304"
    "memorysetup-typetree-allocator-block-size=2097152"
    "memorysetup-profiler-bucket-allocator-granularity=16"
    "memorysetup-profiler-bucket-allocator-bucket-count=8"
    "memorysetup-profiler-bucket-allocator-block-size=33554432"
    "memorysetup-profiler-bucket-allocator-block-count=8"
    "memorysetup-profiler-allocator-block-size=16777216"
    "memorysetup-profiler-editor-allocator-block-size=1048576"
    "memorysetup-temp-allocator-size-main=16777216"
    "memorysetup-job-temp-allocator-block-size=2097152"
    "memorysetup-job-temp-allocator-block-size-background=1048576"
    "memorysetup-job-temp-allocator-reduction-small-platforms=262144"
    "memorysetup-temp-allocator-size-cloud-worker=32768"
Player connection [10432]  Target information:

Player connection [10432]  * "[IP] 192.168.15.2 [Port] 0 [Flags] 2 [Guid] 1383565350 [EditorId] 1383565350 [Version] 1048832 [Id] WindowsEditor(7,DesktopThales) [Debug] 1 [PackageName] WindowsEditor [ProjectName] Editor" 

Player connection [10432] Host joined multi-casting on [225.0.0.222:54997]...
Player connection [10432] Host joined alternative multi-casting on [225.0.0.222:34997]...
JobSystem: Creating JobQueue using job-worker-count value 5
Input System module state changed to: Initialized.
[Physics::Module] Initialized fallback backend.
[Physics::Module] Id: 0xdecafbad
Library Redirect Path: Library/
[Physics::Module] Selected backend.
[Physics::Module] Name: PhysX
[Physics::Module] Id: 0xf2b8ea05
[Physics::Module] SDK Version: 4.1.2
[Physics::Module] Integration Version: 1.0.0
[Physics::Module] Threading Mode: Multi-Threaded
[Licensing::Module] Licensing is not yet initialized.
[Licensing::Client] Handshaking with LicensingClient:
  Version:                 1.17.4+4293ba1
  Session Id:              0c98ee95ca0846e5a5a3769534f5814a
  Correlation Id:          7209bf21115df4667fee662b7be55a10
  External correlation Id: 7173989588518472438
  Machine Id:              EQKXJJwe4V3+bMep+JtPytQcAnU=
[Licensing::Module] Successfully connected to LicensingClient on channel: "LicenseClient-thofa" (connect: 0.00s, validation: 0.00s, handshake: 1.88s)
[Licensing::IpcConnector] Successfully connected to: "LicenseClient-thofa-notifications" at "2026-03-03T23:54:31.7319947Z"
[Licensing::Module] Licensing Background thread has ended after 1.88s
[Licensing::Module] Licensing is initialized (took 1.61s).
[Licensing::Client] Successfully resolved entitlement details
[Licensing::Module] License group:
  Id: 4673296654525-UnityPersXXXX
  Product: Unity Personal
  Type: Assigned
  Expiration: Unlimited
Refreshing native plugins compatible for Editor in 2.60 ms, found 3 plugins.
Preloading 0 native plugins for Editor in 0.00 ms.
Initialize engine version: 6000.3.9f1 (7a9955a4f2fa)
[Subsystems] Discovering subsystems at path C:/Program Files/Unity/Hub/Editor/6000.3.9f1/Editor/Data/Resources/UnitySubsystems
[Subsystems] Discovering subsystems at path C:/Users/thofa/Documents/Thales/Estudos_E_Trabalhos/Projetos/Advergame_Eventouch_Test/Assets
GfxDevice: creating device client; kGfxThreadingModeNonThreaded
Direct3D:
    Version:  Direct3D 11.0 [level 11.1]
    Renderer: AMD Radeon RX 6600 (ID=0x73ff)
    Vendor:   ATI
    VRAM:     8147 MB
    Driver:   32.0.21043.1005
Initialize mono
Mono path[0] = 'C:/Program Files/Unity/Hub/Editor/6000.3.9f1/Editor/Data/Managed'
Mono path[1] = 'C:/Program Files/Unity/Hub/Editor/6000.3.9f1/Editor/Data/MonoBleedingEdge/lib/mono/unityjit-win32'
Mono config path = 'C:/Program Files/Unity/Hub/Editor/6000.3.9f1/Editor/Data/MonoBleedingEdge/etc'
Using monoOptions --debugger-agent=transport=dt_socket,embedding=1,server=y,suspend=n,address=127.0.0.1:56532
Begin MonoManager ReloadAssembly
Registering precompiled unity dll's ...
Register platform support module: C:/Program Files/Unity/Hub/Editor/6000.3.9f1/Editor/Data/PlaybackEngines/WindowsStandaloneSupport/UnityEditor.WindowsStandalone.Extensions.dll
Register platform support module: C:/Program Files/Unity/Hub/Editor/6000.3.9f1/Editor/Data/PlaybackEngines/AndroidPlayer/UnityEditor.Android.Extensions.dll
[Licensing::Client] Successfully resolved entitlement details
Register platform support module: C:/Program Files/Unity/Hub/Editor/6000.3.9f1/Editor/Data/PlaybackEngines/iOSSupport/UnityEditor.iOS.Extensions.dll
Registered in 0.004227 seconds.
- Loaded All Assemblies, in  0.376 seconds
[usbmuxd] Start listen thread
[usbmuxd] Listen thread started
Native extension for iOS target not found
Native extension for Android target not found
Android Extension - Scanning For ADB Devices 169 ms
Native extension for WindowsStandalone target not found
ScheduleIndexationOnStartup MainProcess:False IndexOnStartup:True
Mono: successfully reloaded assembly
- Finished resetting the current domain, in  0.584 seconds
Domain Reload Profiling: 957ms
	BeginReloadAssembly (117ms)
		ExecutionOrderSort (0ms)
		DisableScriptedObjects (0ms)
		BackupInstance (0ms)
		ReleaseScriptingObjects (0ms)
		CreateAndSetChildDomain (1ms)
	RebuildCommonClasses (34ms)
	RebuildNativeTypeToScriptingClass (12ms)
	initialDomainReloadingComplete (46ms)
	LoadAllAssembliesAndSetupDomain (164ms)
		LoadAssemblies (115ms)
		RebuildTransferFunctionScriptingTraits (0ms)
		AnalyzeDomain (161ms)
			TypeCache.Refresh (159ms)
				TypeCache.ScanAssembly (147ms)
			BuildScriptInfoCaches (0ms)
			ResolveRequiredComponents (1ms)
	FinalizeReload (584ms)
		ReleaseScriptCaches (0ms)
		RebuildScriptCaches (0ms)
		SetupLoadedEditorAssemblies (541ms)
			LogAssemblyErrors (0ms)
			InitializePlatformSupportModulesInManaged (258ms)
			SetLoadedEditorAssemblies (4ms)
			BeforeProcessingInitializeOnLoad (78ms)
			ProcessInitializeOnLoadAttributes (130ms)
			ProcessInitializeOnLoadMethodAttributes (71ms)
			AfterProcessingInitializeOnLoad (0ms)
			EditorAssembliesLoaded (0ms)
		ExecutionOrderSort2 (0ms)
		AwakeInstancesAfterBackupRestoration (0ms)
Assembly reference Packages/com.unity.cinemachine/Editor/Samples/ExposeHDRPInternals/HDRP-Editor-ref.asmref has no target assembly definition
========================================================================
Worker process is ready to serve import requests
Import Worker Mode flag is 0x00
Assembly reference Packages/com.unity.cinemachine/Editor/Samples/ExposeHDRPInternals/HDRP-Editor-ref.asmref has no target assembly definition
Assembly reference Packages/com.unity.cinemachine/Editor/Samples/ExposeHDRPInternals/HDRP-Editor-ref.asmref has no target assembly definition
Begin MonoManager ReloadAssembly
[Licensing::Client] Successfully resolved entitlement details
- Loaded All Assemblies, in  0.805 seconds
Assembly reference Packages/com.unity.cinemachine/Editor/Samples/ExposeHDRPInternals/HDRP-Editor-ref.asmref has no target assembly definition
'Packages/com.unity.cinemachine/Editor/Obsolete/CinemachineVirtualCameraBaseEditor.cs' contains partial class of Unity.Object, exactly 1 of the partial classes needs to be in a file with the same filename. This is to know the one that can be referenced from ie. GameObjects
'Packages/com.unity.cinemachine/Editor/Editors/CinemachineVirtualCameraBaseEditor.cs' contains partial class of Unity.Object, exactly 1 of the partial classes needs to be in a file with the same filename. This is to know the one that can be referenced from ie. GameObjects
Refreshing native plugins compatible for Editor in 0.84 ms, found 3 plugins.
Native extension for iOS target not found
Native extension for Android target not found
Native extension for WindowsStandalone target not found
Assembly reference Packages/com.unity.cinemachine/Editor/Samples/ExposeHDRPInternals/HDRP-Editor-ref.asmref has no target assembly definition
Package Manager log level set to [2]
[Package Manager] Failed to launch server process. Reason: Unity was launched with the -noUpm command-line argument
[Package Manager] Unable to send message (not connected to server process).
[Package Manager] Cannot connect to Unity Package Manager local server
[Package Manager] Failed to launch server process. Reason: Unity was launched with the -noUpm command-line argument
[Package Manager] Unable to send message (not connected to server process).
[Package Manager] Cannot connect to Unity Package Manager local server
ScheduleIndexationOnStartup MainProcess:False IndexOnStartup:True
Mono: successfully reloaded assembly
- Finished resetting the current domain, in  0.937 seconds
Domain Reload Profiling: 1738ms
	BeginReloadAssembly (163ms)
		ExecutionOrderSort (0ms)
		DisableScriptedObjects (5ms)
		BackupInstance (0ms)
		ReleaseScriptingObjects (0ms)
		CreateAndSetChildDomain (28ms)
	RebuildCommonClasses (33ms)
	RebuildNativeTypeToScriptingClass (13ms)
	initialDomainReloadingComplete (36ms)
	LoadAllAssembliesAndSetupDomain (555ms)
		LoadAssemblies (357ms)
		RebuildTransferFunctionScriptingTraits (0ms)
		AnalyzeDomain (287ms)
			TypeCache.Refresh (190ms)
				TypeCache.ScanAssembly (175ms)
			BuildScriptInfoCaches (82ms)
			ResolveRequiredComponents (11ms)
	FinalizeReload (937ms)
		ReleaseScriptCaches (0ms)
		RebuildScriptCaches (0ms)
		SetupLoadedEditorAssemblies (681ms)
			LogAssemblyErrors (0ms)
			InitializePlatformSupportModulesInManaged (11ms)
			SetLoadedEditorAssemblies (3ms)
			BeforeProcessingInitializeOnLoad (155ms)
			ProcessInitializeOnLoadAttributes (429ms)
			ProcessInitializeOnLoadMethodAttributes (74ms)
			AfterProcessingInitializeOnLoad (8ms)
			EditorAssembliesLoaded (0ms)
		ExecutionOrderSort2 (0ms)
		AwakeInstancesAfterBackupRestoration (7ms)
Launched and connected shader compiler UnityShaderCompiler.exe after 0.02 seconds
Refreshing native plugins compatible for Editor in 0.88 ms, found 3 plugins.
Preloading 0 native plugins for Editor in 0.00 ms.
Unloading 17 Unused Serialized files (Serialized files now loaded: 0)
Unloading 6579 unused Assets / (4.3 MB). Loaded Objects now: 7397.
Memory consumption went from 147.9 MB to 143.6 MB.
Total: 8.122600 ms (FindLiveObjects: 1.085900 ms CreateObjectMapping: 0.581200 ms MarkObjects: 4.637700 ms  DeleteObjects: 1.816900 ms)

========================================================================
Received Prepare
Assembly reference Packages/com.unity.cinemachine/Editor/Samples/ExposeHDRPInternals/HDRP-Editor-ref.asmref has no target assembly definition
Assembly reference Packages/com.unity.cinemachine/Editor/Samples/ExposeHDRPInternals/HDRP-Editor-ref.asmref has no target assembly definition
Begin MonoManager ReloadAssembly
- Loaded All Assemblies, in  0.944 seconds
Assembly reference Packages/com.unity.cinemachine/Editor/Samples/ExposeHDRPInternals/HDRP-Editor-ref.asmref has no target assembly definition
'Packages/com.unity.cinemachine/Editor/Obsolete/CinemachineVirtualCameraBaseEditor.cs' contains partial class of Unity.Object, exactly 1 of the partial classes needs to be in a file with the same filename. This is to know the one that can be referenced from ie. GameObjects
'Packages/com.unity.cinemachine/Editor/Editors/CinemachineVirtualCameraBaseEditor.cs' contains partial class of Unity.Object, exactly 1 of the partial classes needs to be in a file with the same filename. This is to know the one that can be referenced from ie. GameObjects
Refreshing native plugins compatible for Editor in 0.87 ms, found 3 plugins.
Native extension for iOS target not found
Native extension for Android target not found
Native extension for WindowsStandalone target not found
Assembly reference Packages/com.unity.cinemachine/Editor/Samples/ExposeHDRPInternals/HDRP-Editor-ref.asmref has no target assembly definition
[Package Manager] Failed to launch server process. Reason: Unity was launched with the -noUpm command-line argument
[Package Manager] Unable to send message (not connected to server process).
[Package Manager] Cannot connect to Unity Package Manager local server
[Package Manager] Failed to launch server process. Reason: Unity was launched with the -noUpm command-line argument
[Package Manager] Unable to send message (not connected to server process).
[Package Manager] Cannot connect to Unity Package Manager local server
ScheduleIndexationOnStartup MainProcess:False IndexOnStartup:True
Mono: successfully reloaded assembly
- Finished resetting the current domain, in  0.822 seconds
Domain Reload Profiling: 1765ms
	BeginReloadAssembly (231ms)
		ExecutionOrderSort (0ms)
		DisableScriptedObjects (6ms)
		BackupInstance (0ms)
		ReleaseScriptingObjects (0ms)
		CreateAndSetChildDomain (61ms)
	RebuildCommonClasses (42ms)
	RebuildNativeTypeToScriptingClass (13ms)
	initialDomainReloadingComplete (31ms)
	LoadAllAssembliesAndSetupDomain (624ms)
		LoadAssemblies (442ms)
		RebuildTransferFunctionScriptingTraits (0ms)
		AnalyzeDomain (286ms)
			TypeCache.Refresh (19ms)
				TypeCache.ScanAssembly (3ms)
			BuildScriptInfoCaches (243ms)
			ResolveRequiredComponents (16ms)
	FinalizeReload (823ms)
		ReleaseScriptCaches (0ms)
		RebuildScriptCaches (0ms)
		SetupLoadedEditorAssemblies (641ms)
			LogAssemblyErrors (0ms)
			InitializePlatformSupportModulesInManaged (14ms)
			SetLoadedEditorAssemblies (5ms)
			BeforeProcessingInitializeOnLoad (177ms)
			ProcessInitializeOnLoadAttributes (371ms)
			ProcessInitializeOnLoadMethodAttributes (69ms)
			AfterProcessingInitializeOnLoad (5ms)
			EditorAssembliesLoaded (0ms)
		ExecutionOrderSort2 (0ms)
		AwakeInstancesAfterBackupRestoration (13ms)
Refreshing native plugins compatible for Editor in 0.94 ms, found 3 plugins.
Preloading 0 native plugins for Editor in 0.00 ms.
Unloading 17 Unused Serialized files (Serialized files now loaded: 0)
Unloading 6629 unused Assets / (3.3 MB). Loaded Objects now: 7467.
Memory consumption went from 153.3 MB to 150.0 MB.
Total: 12.555900 ms (FindLiveObjects: 0.874300 ms CreateObjectMapping: 0.664800 ms MarkObjects: 8.304500 ms  DeleteObjects: 2.711100 ms)

Prepare: number of updated asset objects reloaded= 0
========================================================================
Received Import Request.
  Time since last request: 939691.954858 seconds.
  path: Assets/Foods/69c11d63-0d1f-42d5-b759-a4ec050975a8.png
  artifactKey: Guid(ad9467e61e38b7d4e8af846d1f9c0bac) Importer(815301076,1909f56bfc062723c751e8b465ee728b)
Start importing Assets/Foods/69c11d63-0d1f-42d5-b759-a4ec050975a8.png using Guid(ad9467e61e38b7d4e8af846d1f9c0bac) Importer(815301076,1909f56bfc062723c751e8b465ee728b) (PreviewImporter) -> (artifact id: '6d726ef9082ce3372bfa7ca181a02eb3') in 0.1216798 seconds
Number of updated asset objects reloaded before import = 0Number of asset objects unloaded after import = 3

========================================================================
Received Import Request.
  Time since last request: 0.000029 seconds.
  path: Assets/Foods/6dee018a-278c-4566-9ef6-77769bdccb7a.png
  artifactKey: Guid(d7c178fba5c23694ebc7f87f20134192) Importer(815301076,1909f56bfc062723c751e8b465ee728b)
Start importing Assets/Foods/6dee018a-278c-4566-9ef6-77769bdccb7a.png using Guid(d7c178fba5c23694ebc7f87f20134192) Importer(815301076,1909f56bfc062723c751e8b465ee728b) (PreviewImporter) -> (artifact id: '7b02df5a1ac588148622355d089035a5') in 0.0270293 seconds
Number of updated asset objects reloaded before import = 0Number of asset objects unloaded after import = 3

========================================================================
Received Import Request.
  Time since last request: 0.000022 seconds.
  path: Assets/Foods/2e7dc9af-da9c-4983-84c4-ea38ad5ab7d8.png
  artifactKey: Guid(31ba052a0db07534096dd275c6f1a58e) Importer(815301076,1909f56bfc062723c751e8b465ee728b)
Start importing Assets/Foods/2e7dc9af-da9c-4983-84c4-ea38ad5ab7d8.png using Guid(31ba052a0db07534096dd275c6f1a58e) Importer(815301076,1909f56bfc062723c751e8b465ee728b) (PreviewImporter) -> (artifact id: 'da8bbda2bfce1e9f1ef9c0f25ecb33d1') in 0.029028 seconds
Number of updated asset objects reloaded before import = 0Number of asset objects unloaded after import = 3

========================================================================
Received Import Request.
  Time since last request: 0.000041 seconds.
  path: Assets/Foods/8338b513-b07e-43fc-92e9-a9c5fe0c2136.png
  artifactKey: Guid(ff79471bfeaa9614ba2c7c9d029622b7) Importer(815301076,1909f56bfc062723c751e8b465ee728b)
Start importing Assets/Foods/8338b513-b07e-43fc-92e9-a9c5fe0c2136.png using Guid(ff79471bfeaa9614ba2c7c9d029622b7) Importer(815301076,1909f56bfc062723c751e8b465ee728b) (PreviewImporter) -> (artifact id: '4204199ac4e6935eb0b4165b5e43e72d') in 0.0256577 seconds
Number of updated asset objects reloaded before import = 0Number of asset objects unloaded after import = 3

========================================================================
Received Import Request.
  Time since last request: 0.000018 seconds.
  path: Assets/Foods/1e7737db-5b91-45d2-aede-f96020f3da0b.png
  artifactKey: Guid(f53b36f85445e7b4d8d710e55eea74a7) Importer(815301076,1909f56bfc062723c751e8b465ee728b)
Start importing Assets/Foods/1e7737db-5b91-45d2-aede-f96020f3da0b.png using Guid(f53b36f85445e7b4d8d710e55eea74a7) Importer(815301076,1909f56bfc062723c751e8b465ee728b) (PreviewImporter) -> (artifact id: 'b74dd6a57f27426541a0dd32953a7ce7') in 0.029251 seconds
Number of updated asset objects reloaded before import = 0Number of asset objects unloaded after import = 3

========================================================================
Received Import Request.
  Time since last request: 392.142242 seconds.
  path: Assets/Materials/Blue.mat
  artifactKey: Guid(ffee2fc09f3485c45a85b54e03d6bd81) Importer(2089858483,b0f066a214c2f5e87bad3c948f4d605d)
Start importing Assets/Materials/Blue.mat using Guid(ffee2fc09f3485c45a85b54e03d6bd81) Importer(2089858483,b0f066a214c2f5e87bad3c948f4d605d) (ScriptedImporter) -> (artifact id: '1f3dd46c5f2be0b7084ea72f4a7f4f20') in 0.1178055 seconds
Number of updated asset objects reloaded before import = 0Number of asset objects unloaded after import = 2

========================================================================
Received Import Request.
  Time since last request: 0.000036 seconds.
  path: Assets/TP_FastFood/Prefabs/Combos/Blue_Theme/Takeaways/HotDog_Takeaway_Blue.prefab
  artifactKey: Guid(50831d17e7b3448889f37a72e161d1e7) Importer(2089858483,b0f066a214c2f5e87bad3c948f4d605d)
Start importing Assets/TP_FastFood/Prefabs/Combos/Blue_Theme/Takeaways/HotDog_Takeaway_Blue.prefab using Guid(50831d17e7b3448889f37a72e161d1e7) Importer(2089858483,b0f066a214c2f5e87bad3c948f4d605d) (ScriptedImporter) -> (artifact id: '9dfb173b08ef1616ab769a76512ccf8d') in 0.0309009 seconds
Number of updated asset objects reloaded before import = 0Number of asset objects unloaded after import = 66

========================================================================
Received Import Request.
  Time since last request: 0.000025 seconds.
  path: Assets/TP_FastFood/Models/IceCream_Mango.fbx
  artifactKey: Guid(6b2c7daf449814be7a6e323218116b92) Importer(2089858483,b0f066a214c2f5e87bad3c948f4d605d)
Start importing Assets/TP_FastFood/Models/IceCream_Mango.fbx using Guid(6b2c7daf449814be7a6e323218116b92) Importer(2089858483,b0f066a214c2f5e87bad3c948f4d605d) (ScriptedImporter) -> (artifact id: '3accf5d281b1c618d924fb84717cd8e9') in 0.0652741 seconds
Number of updated asset objects reloaded before import = 0Number of asset objects unloaded after import = 13

========================================================================
Received Import Request.
  Time since last request: 0.000015 seconds.
  path: Assets/TP_FastFood/Prefabs/Invidual_Item_Prefabs/Dips_1.prefab
  artifactKey: Guid(f4041593b463745b78805bdca2010a4b) Importer(2089858483,b0f066a214c2f5e87bad3c948f4d605d)
Start importing Assets/TP_FastFood/Prefabs/Invidual_Item_Prefabs/Dips_1.prefab using Guid(f4041593b463745b78805bdca2010a4b) Importer(2089858483,b0f066a214c2f5e87bad3c948f4d605d) (ScriptedImporter) -> (artifact id: 'e40c48f7ae6c12d6f391b69ee560ae34') in 0.0150229 seconds
Number of updated asset objects reloaded before import = 0Number of asset objects unloaded after import = 8

========================================================================
Received Import Request.
  Time since last request: 0.000023 seconds.
  path: Assets/TP_FastFood/Models/Taco.fbx
  artifactKey: Guid(d3a2915dc080c4dce940f9d64f4b7267) Importer(2089858483,b0f066a214c2f5e87bad3c948f4d605d)
Start importing Assets/TP_FastFood/Models/Taco.fbx using Guid(d3a2915dc080c4dce940f9d64f4b7267) Importer(2089858483,b0f066a214c2f5e87bad3c948f4d605d) (ScriptedImporter) -> (artifact id: '1ab7d42d7e29090b09b52ddbfe8e929e') in 0.0257632 seconds
Number of updated asset objects reloaded before import = 0Number of asset objects unloaded after import = 33

========================================================================
Received Import Request.
  Time since last request: 0.000018 seconds.
  path: Assets/TP_FastFood/Prefabs/Combos/Blue_Theme/Takeaways/Crossiant_Takeaway_Blue.prefab
  artifactKey: Guid(498784612c9f3452f9f728ad66097a75) Importer(2089858483,b0f066a214c2f5e87bad3c948f4d605d)
Start importing Assets/TP_FastFood/Prefabs/Combos/Blue_Theme/Takeaways/Crossiant_Takeaway_Blue.prefab using Guid(498784612c9f3452f9f728ad66097a75) Importer(2089858483,b0f066a214c2f5e87bad3c948f4d605d) (ScriptedImporter) -> (artifact id: 'debcb46e6b7ffa7e026c0a3e6f287b0e') in 0.012757 seconds
Number of updated asset objects reloaded before import = 0Number of asset objects unloaded after import = 31

========================================================================
Received Import Request.
  Time since last request: 0.000027 seconds.
  path: Assets/TP_FastFood/Prefabs/Invidual_Item_Prefabs/Napkin_Blue.prefab
  artifactKey: Guid(2b7c395241cf54688a020e77f166e305) Importer(2089858483,b0f066a214c2f5e87bad3c948f4d605d)
Start importing Assets/TP_FastFood/Prefabs/Invidual_Item_Prefabs/Napkin_Blue.prefab using Guid(2b7c395241cf54688a020e77f166e305) Importer(2089858483,b0f066a214c2f5e87bad3c948f4d605d) (ScriptedImporter) -> (artifact id: 'a010f5a3d9a9c83df1130354b89ca4e8') in 0.0168593 seconds
Number of updated asset objects reloaded before import = 0Number of asset objects unloaded after import = 8

========================================================================
Received Import Request.
  Time since last request: 0.000027 seconds.
  path: Assets/Foods/2cd3c397-4bdb-4133-a777-2225f0568448.png
  artifactKey: Guid(891f40f600ea3624f9cae0bfd62ef5cf) Importer(2089858483,b0f066a214c2f5e87bad3c948f4d605d)
Start importing Assets/Foods/2cd3c397-4bdb-4133-a777-2225f0568448.png using Guid(891f40f600ea3624f9cae0bfd62ef5cf) Importer(2089858483,b0f066a214c2f5e87bad3c948f4d605d) (ScriptedImporter) -> (artifact id: '002ad148ebb1c15c198e2513c97210f9') in 0.0876076 seconds
Number of updated asset objects reloaded before import = 0Number of asset objects unloaded after import = 3

========================================================================
Received Import Request.
  Time since last request: 0.000051 seconds.
  path: Assets/TP_FastFood/Prefabs/Combos/Blue_Theme/Combo_Small_Blue.prefab
  artifactKey: Guid(96d5315398fe14a04b0f5ada9da14579) Importer(2089858483,b0f066a214c2f5e87bad3c948f4d605d)
Start importing Assets/TP_FastFood/Prefabs/Combos/Blue_Theme/Combo_Small_Blue.prefab using Guid(96d5315398fe14a04b0f5ada9da14579) Importer(2089858483,b0f066a214c2f5e87bad3c948f4d605d) (ScriptedImporter) -> (artifact id: '5f5bcb0918cd05c87498ae645d118876') in 0.0212902 seconds
Number of updated asset objects reloaded before import = 0Number of asset objects unloaded after import = 105

========================================================================
Received Import Request.
  Time since last request: 0.000031 seconds.
  path: Assets/TP_FastFood/Prefabs/Combos/Red_Theme/Takeaways
  artifactKey: Guid(ec5cc18c78b3f48f1ae89ae418f5ebdf) Importer(2089858483,b0f066a214c2f5e87bad3c948f4d605d)
Start importing Assets/TP_FastFood/Prefabs/Combos/Red_Theme/Takeaways using Guid(ec5cc18c78b3f48f1ae89ae418f5ebdf) Importer(2089858483,b0f066a214c2f5e87bad3c948f4d605d) (ScriptedImporter) -> (artifact id: '0fb96b9e35be311eb6badfa4f4acc63e') in 0.0148694 seconds
Number of updated asset objects reloaded before import = 0Number of asset objects unloaded after import = 1

========================================================================
Received Import Request.
  Time since last request: 0.000028 seconds.
  path: Assets/TP_FastFood/Models/Napkin_Blue.fbx
  artifactKey: Guid(25bc031cae24b4be6a3826788477519a) Importer(2089858483,b0f066a214c2f5e87bad3c948f4d605d)
Start importing Assets/TP_FastFood/Models/Napkin_Blue.fbx using Guid(25bc031cae24b4be6a3826788477519a) Importer(2089858483,b0f066a214c2f5e87bad3c948f4d605d) (ScriptedImporter) -> (artifact id: '09f403ad8b4e33d68b94066acf4b0aea') in 0.0205869 seconds
Number of updated asset objects reloaded before import = 0Number of asset objects unloaded after import = 8

========================================================================
Received Import Request.
  Time since last request: 0.000015 seconds.
  path: Assets/TP_FastFood/Scenes/AllModelsDisplay.unity
  artifactKey: Guid(9fc0d4010bbf28b4594072e72b8655ab) Importer(2089858483,b0f066a214c2f5e87bad3c948f4d605d)
Start importing Assets/TP_FastFood/Scenes/AllModelsDisplay.unity using Guid(9fc0d4010bbf28b4594072e72b8655ab) Importer(2089858483,b0f066a214c2f5e87bad3c948f4d605d) (ScriptedImporter) -> (artifact id: '260c558f31d7acbb38564c953e04d7b5') in 0.0210059 seconds
Number of updated asset objects reloaded before import = 0Number of asset objects unloaded after import = 1

========================================================================
Received Import Request.
  Time since last request: 0.000016 seconds.
  path: Assets/TP_FastFood/Models/Burger_Double_patty.fbx
  artifactKey: Guid(138edd300b607414686f4c88d101c1a1) Importer(2089858483,b0f066a214c2f5e87bad3c948f4d605d)
Start importing Assets/TP_FastFood/Models/Burger_Double_patty.fbx using Guid(138edd300b607414686f4c88d101c1a1) Importer(2089858483,b0f066a214c2f5e87bad3c948f4d605d) (ScriptedImporter) -> (artifact id: 'f0b8d76484bf607b62425e84ef1a61a7') in 0.0273042 seconds
Number of updated asset objects reloaded before import = 0Number of asset objects unloaded after import = 33

========================================================================
Received Import Request.
  Time since last request: 0.000044 seconds.
  path: Assets/Foods/930c8977-990d-4b48-9af4-3748ec7988cd.png
  artifactKey: Guid(ae8ab2b6112df5a49a2f1a729c7935d6) Importer(2089858483,b0f066a214c2f5e87bad3c948f4d605d)
Start importing Assets/Foods/930c8977-990d-4b48-9af4-3748ec7988cd.png using Guid(ae8ab2b6112df5a49a2f1a729c7935d6) Importer(2089858483,b0f066a214c2f5e87bad3c948f4d605d) (ScriptedImporter) -> (artifact id: 'd5f7b1734e9062c223bb5af9e4862fb9') in 0.0553617 seconds
Number of updated asset objects reloaded before import = 0Number of asset objects unloaded after import = 3

========================================================================
Received Import Request.
  Time since last request: 0.000091 seconds.
  path: Assets/TP_FastFood/Prefabs/Combos/Blue_Theme
  artifactKey: Guid(dee9884d0723c4993aae95c9d4c0cfc7) Importer(2089858483,b0f066a214c2f5e87bad3c948f4d605d)
Start importing Assets/TP_FastFood/Prefabs/Combos/Blue_Theme using Guid(dee9884d0723c4993aae95c9d4c0cfc7) Importer(2089858483,b0f066a214c2f5e87bad3c948f4d605d) (ScriptedImporter) -> (artifact id: 'e42dc72586fc28d2190f1dec2c2c99a6') in 0.0154223 seconds
Number of updated asset objects reloaded before import = 0Number of asset objects unloaded after import = 1

========================================================================
Received Import Request.
  Time since last request: 0.000019 seconds.
  path: Assets/Foods/6662d20e-2fc1-4247-a366-04f06147d6ca.png
  artifactKey: Guid(fd5e573e8d3ed0f41b1ba651c8c0919e) Importer(2089858483,b0f066a214c2f5e87bad3c948f4d605d)
Start importing Assets/Foods/6662d20e-2fc1-4247-a366-04f06147d6ca.png using Guid(fd5e573e8d3ed0f41b1ba651c8c0919e) Importer(2089858483,b0f066a214c2f5e87bad3c948f4d605d) (ScriptedImporter) -> (artifact id: 'f8a2b051ddb68e30f4ba63af6a985046') in 0.0396004 seconds
Number of updated asset objects reloaded before import = 0Number of asset objects unloaded after import = 3

========================================================================
Received Import Request.
  Time since last request: 0.000024 seconds.
  path: Assets/TP_FastFood/Prefabs/Combos/Red_Theme/Takeaways/HotDog_Takeaway_Red.prefab
  artifactKey: Guid(37cb54e6e0da84eb69e6ce063de0b5f4) Importer(2089858483,b0f066a214c2f5e87bad3c948f4d605d)
Start importing Assets/TP_FastFood/Prefabs/Combos/Red_Theme/Takeaways/HotDog_Takeaway_Red.prefab using Guid(37cb54e6e0da84eb69e6ce063de0b5f4) Importer(2089858483,b0f066a214c2f5e87bad3c948f4d605d) (ScriptedImporter) -> (artifact id: '13f25b153b44f57f67a064aa2ec9eeac') in 0.0231112 seconds
Number of updated asset objects reloaded before import = 0Number of asset objects unloaded after import = 66

========================================================================
Received Import Request.
  Time since last request: 0.000106 seconds.
  path: Assets/TP_FastFood/Prefabs/Combos/Blue_Theme/Takeaways/Burger_Single_Patty_Takeaway_Blue.prefab
  artifactKey: Guid(c73ae98e838304cfc96fd2e62c4cef82) Importer(2089858483,b0f066a214c2f5e87bad3c948f4d605d)
Start importing Assets/TP_FastFood/Prefabs/Combos/Blue_Theme/Takeaways/Burger_Single_Patty_Takeaway_Blue.prefab using Guid(c73ae98e838304cfc96fd2e62c4cef82) Importer(2089858483,b0f066a214c2f5e87bad3c948f4d605d) (ScriptedImporter) -> (artifact id: '6bdaa2cdb494e21f8dfb657ae21a4e71') in 0.0194858 seconds
Number of updated asset objects reloaded before import = 0Number of asset objects unloaded after import = 34

========================================================================
Received Import Request.
  Time since last request: 0.000030 seconds.
  path: Assets/TP_FastFood/Materials
  artifactKey: Guid(7e3334f70934345f6a2b746348a59d52) Importer(2089858483,b0f066a214c2f5e87bad3c948f4d605d)
Start importing Assets/TP_FastFood/Materials using Guid(7e3334f70934345f6a2b746348a59d52) Importer(2089858483,b0f066a214c2f5e87bad3c948f4d605d) (ScriptedImporter) -> (artifact id: '1ad435f24dce1fe123cb27e976a8117b') in 0.0162905 seconds
Number of updated asset objects reloaded before import = 0Number of asset objects unloaded after import = 1

========================================================================
Received Import Request.
  Time since last request: 0.000020 seconds.
  path: Assets/Foods/2e7dc9af-da9c-4983-84c4-ea38ad5ab7d8.png
  artifactKey: Guid(31ba052a0db07534096dd275c6f1a58e) Importer(2089858483,b0f066a214c2f5e87bad3c948f4d605d)
Start importing Assets/Foods/2e7dc9af-da9c-4983-84c4-ea38ad5ab7d8.png using Guid(31ba052a0db07534096dd275c6f1a58e) Importer(2089858483,b0f066a214c2f5e87bad3c948f4d605d) (ScriptedImporter) -> (artifact id: '4f990ce902f81cca08e10243fbd00368') in 0.0270248 seconds
Number of updated asset objects reloaded before import = 0Number of asset objects unloaded after import = 3

========================================================================
Received Import Request.
  Time since last request: 0.000036 seconds.
  path: Assets/TP_FastFood/Models/Juice_Red.fbx
  artifactKey: Guid(67694ccffb8a040c8b9966b5d5ab97f6) Importer(2089858483,b0f066a214c2f5e87bad3c948f4d605d)
Start importing Assets/TP_FastFood/Models/Juice_Red.fbx using Guid(67694ccffb8a040c8b9966b5d5ab97f6) Importer(2089858483,b0f066a214c2f5e87bad3c948f4d605d) (ScriptedImporter) -> (artifact id: 'e62019e9219e9ad7a962c98f5af0d907') in 0.0229816 seconds
Number of updated asset objects reloaded before import = 0Number of asset objects unloaded after import = 8

========================================================================
Received Import Request.
  Time since last request: 0.000019 seconds.
  path: Assets/TP_FastFood/Materials/ColorPallete.mat
  artifactKey: Guid(030246b172c6546a29e2a2ef99d2adfd) Importer(2089858483,b0f066a214c2f5e87bad3c948f4d605d)
Start importing Assets/TP_FastFood/Materials/ColorPallete.mat using Guid(030246b172c6546a29e2a2ef99d2adfd) Importer(2089858483,b0f066a214c2f5e87bad3c948f4d605d) (ScriptedImporter) -> (artifact id: '369170d39b76bed07246e44ee4601fbf') in 0.0182599 seconds
Number of updated asset objects reloaded before import = 0Number of asset objects unloaded after import = 2

========================================================================
Received Import Request.
  Time since last request: 0.000022 seconds.
  path: Assets/TP_FastFood/Prefabs/Combos/Red_Theme/Combo_Full_Red.prefab
  artifactKey: Guid(4ff22b0e6a387458a9ffa1e1e83c6cdc) Importer(2089858483,b0f066a214c2f5e87bad3c948f4d605d)
Start importing Assets/TP_FastFood/Prefabs/Combos/Red_Theme/Combo_Full_Red.prefab using Guid(4ff22b0e6a387458a9ffa1e1e83c6cdc) Importer(2089858483,b0f066a214c2f5e87bad3c948f4d605d) (ScriptedImporter) -> (artifact id: '6f3109e0d0d23132b0224ad3989692ed') in 0.0183507 seconds
Number of updated asset objects reloaded before import = 0Number of asset objects unloaded after import = 129

========================================================================
Received Import Request.
  Time since last request: 0.000024 seconds.
  path: Assets/TP_FastFood/Prefabs/Invidual_Item_Prefabs
  artifactKey: Guid(7ae208861e84e41ea8003766f82b194d) Importer(2089858483,b0f066a214c2f5e87bad3c948f4d605d)
Start importing Assets/TP_FastFood/Prefabs/Invidual_Item_Prefabs using Guid(7ae208861e84e41ea8003766f82b194d) Importer(2089858483,b0f066a214c2f5e87bad3c948f4d605d) (ScriptedImporter) -> (artifact id: 'c142e01465779e1538fd4020aadaf7f7') in 0.0111596 seconds
Number of updated asset objects reloaded before import = 0Number of asset objects unloaded after import = 1

========================================================================
Received Import Request.
  Time since last request: 0.000014 seconds.
  path: Assets/TP_FastFood/Models/Dips_1.fbx
  artifactKey: Guid(2022600301ba9439aa36fa3cdc8ebab4) Importer(2089858483,b0f066a214c2f5e87bad3c948f4d605d)
Start importing Assets/TP_FastFood/Models/Dips_1.fbx using Guid(2022600301ba9439aa36fa3cdc8ebab4) Importer(2089858483,b0f066a214c2f5e87bad3c948f4d605d) (ScriptedImporter) -> (artifact id: 'd592acd254ba6379dc8e8c723c71bb80') in 0.0210568 seconds
Number of updated asset objects reloaded before import = 0Number of asset objects unloaded after import = 8

========================================================================
Received Import Request.
  Time since last request: 0.000019 seconds.
  path: Assets/TP_FastFood/Scenes
  artifactKey: Guid(6ea315d0fd7389c41b19996891e99ae3) Importer(2089858483,b0f066a214c2f5e87bad3c948f4d605d)
Start importing Assets/TP_FastFood/Scenes using Guid(6ea315d0fd7389c41b19996891e99ae3) Importer(2089858483,b0f066a214c2f5e87bad3c948f4d605d) (ScriptedImporter) -> (artifact id: 'fbb7dee2565709cf15b4fb1079d516bd') in 0.0116195 seconds
Number of updated asset objects reloaded before import = 0Number of asset objects unloaded after import = 1

========================================================================
Received Import Request.
  Time since last request: 0.000027 seconds.
  path: Assets/TP_FastFood/Prefabs/Invidual_Item_Prefabs/Juice_Yellow.prefab
  artifactKey: Guid(afd1739b96b084580b73cfacfb3863ff) Importer(2089858483,b0f066a214c2f5e87bad3c948f4d605d)
Start importing Assets/TP_FastFood/Prefabs/Invidual_Item_Prefabs/Juice_Yellow.prefab using Guid(afd1739b96b084580b73cfacfb3863ff) Importer(2089858483,b0f066a214c2f5e87bad3c948f4d605d) (ScriptedImporter) -> (artifact id: 'a3b53e9367cbed96395d678c522caad6') in 0.0159335 seconds
Number of updated asset objects reloaded before import = 0Number of asset objects unloaded after import = 8

========================================================================
Received Import Request.
  Time since last request: 0.000024 seconds.
  path: Assets/TP_FastFood/Models/FrenchFries_Blue.fbx
  artifactKey: Guid(e71d4f776c4584b19a279d8258836910) Importer(2089858483,b0f066a214c2f5e87bad3c948f4d605d)
Start importing Assets/TP_FastFood/Models/FrenchFries_Blue.fbx using Guid(e71d4f776c4584b19a279d8258836910) Importer(2089858483,b0f066a214c2f5e87bad3c948f4d605d) (ScriptedImporter) -> (artifact id: '307af0994b3aaf490fe07947d754b28b') in 0.0240674 seconds
Number of updated asset objects reloaded before import = 0Number of asset objects unloaded after import = 48

========================================================================
Received Import Request.
  Time since last request: 0.000015 seconds.
  path: Assets/TP_FastFood/Models/Napkin_Red.fbx
  artifactKey: Guid(c9de6b9243c3d433ab2ceb4edcc3d329) Importer(2089858483,b0f066a214c2f5e87bad3c948f4d605d)
Start importing Assets/TP_FastFood/Models/Napkin_Red.fbx using Guid(c9de6b9243c3d433ab2ceb4edcc3d329) Importer(2089858483,b0f066a214c2f5e87bad3c948f4d605d) (ScriptedImporter) -> (artifact id: '570c867b4acb39677d920947c15c5a46') in 0.0170337 seconds
Number of updated asset objects reloaded before import = 0Number of asset objects unloaded after import = 8

========================================================================
Received Import Request.
  Time since last request: 0.000013 seconds.
  path: Assets/TP_FastFood/Prefabs/Invidual_Item_Prefabs/Tray_Yellow.prefab
  artifactKey: Guid(6c77f2ef4571e4243a8118591993b7f7) Importer(2089858483,b0f066a214c2f5e87bad3c948f4d605d)
Start importing Assets/TP_FastFood/Prefabs/Invidual_Item_Prefabs/Tray_Yellow.prefab using Guid(6c77f2ef4571e4243a8118591993b7f7) Importer(2089858483,b0f066a214c2f5e87bad3c948f4d605d) (ScriptedImporter) -> (artifact id: 'a8ce848be47d733b225ce5ec3b62cbf5') in 0.0158937 seconds
Number of updated asset objects reloaded before import = 0Number of asset objects unloaded after import = 8

========================================================================
Received Import Request.
  Time since last request: 0.000013 seconds.
  path: Assets/TP_FastFood/Prefabs/Invidual_Item_Prefabs/Tray_Blue.prefab
  artifactKey: Guid(c3112a4dc14a547e8a54d799772473fb) Importer(2089858483,b0f066a214c2f5e87bad3c948f4d605d)
Start importing Assets/TP_FastFood/Prefabs/Invidual_Item_Prefabs/Tray_Blue.prefab using Guid(c3112a4dc14a547e8a54d799772473fb) Importer(2089858483,b0f066a214c2f5e87bad3c948f4d605d) (ScriptedImporter) -> (artifact id: 'e7e54f1c5b9b52bcd7009c73bb070f17') in 0.0149655 seconds
Number of updated asset objects reloaded before import = 0Number of asset objects unloaded after import = 8

========================================================================
Received Import Request.
  Time since last request: 0.000017 seconds.
  path: Assets/TP_FastFood/Models/Tray_Blue.fbx
  artifactKey: Guid(04da76af63d574ae1a95fe7d6249b535) Importer(2089858483,b0f066a214c2f5e87bad3c948f4d605d)
Start importing Assets/TP_FastFood/Models/Tray_Blue.fbx using Guid(04da76af63d574ae1a95fe7d6249b535) Importer(2089858483,b0f066a214c2f5e87bad3c948f4d605d) (ScriptedImporter) -> (artifact id: 'b276885b4f34c97f16f18b1496360e7a') in 0.0185308 seconds
Number of updated asset objects reloaded before import = 0Number of asset objects unloaded after import = 8

========================================================================
Received Import Request.
  Time since last request: 0.000025 seconds.
  path: Assets/Foods/bc894383-673c-405e-9ded-55d185934a19.png
  artifactKey: Guid(245bff8ddebd5744f9b2b8703064237c) Importer(2089858483,b0f066a214c2f5e87bad3c948f4d605d)
Start importing Assets/Foods/bc894383-673c-405e-9ded-55d185934a19.png using Guid(245bff8ddebd5744f9b2b8703064237c) Importer(2089858483,b0f066a214c2f5e87bad3c948f4d605d) (ScriptedImporter) -> (artifact id: '432aecb27a6e498551503c0345eee110') in 0.0236419 seconds
Number of updated asset objects reloaded before import = 0Number of asset objects unloaded after import = 3

========================================================================
Received Import Request.
  Time since last request: 0.000017 seconds.
  path: Assets/Scenes/SampleScene.unity
  artifactKey: Guid(2cda990e2423bbf4892e6590ba056729) Importer(2089858483,b0f066a214c2f5e87bad3c948f4d605d)
Start importing Assets/Scenes/SampleScene.unity using Guid(2cda990e2423bbf4892e6590ba056729) Importer(2089858483,b0f066a214c2f5e87bad3c948f4d605d) (ScriptedImporter) -> (artifact id: '8392b64514c8bcf4bcf017ab3e71c54a') in 0.0108045 seconds
Number of updated asset objects reloaded before import = 0Number of asset objects unloaded after import = 1

========================================================================
Received Import Request.
  Time since last request: 0.000018 seconds.
  path: Assets/TP_FastFood/Prefabs/Invidual_Item_Prefabs/Tray_With_Napkin_Red.prefab
  artifactKey: Guid(667c0a96fea114cf3a52c0a1d52ca5ed) Importer(2089858483,b0f066a214c2f5e87bad3c948f4d605d)
Start importing Assets/TP_FastFood/Prefabs/Invidual_Item_Prefabs/Tray_With_Napkin_Red.prefab using Guid(667c0a96fea114cf3a52c0a1d52ca5ed) Importer(2089858483,b0f066a214c2f5e87bad3c948f4d605d) (ScriptedImporter) -> (artifact id: '31ec30deb618a9363d0a984d3ccdbdef') in 0.011649 seconds
Number of updated asset objects reloaded before import = 0Number of asset objects unloaded after import = 18

========================================================================
Received Import Request.
  Time since last request: 0.000016 seconds.
  path: Assets/TP_FastFood/Prefabs/Combos/Yellow_Theme/Takeaways
  artifactKey: Guid(a9bdfd33990974361852ecffdde6b824) Importer(2089858483,b0f066a214c2f5e87bad3c948f4d605d)
Start importing Assets/TP_FastFood/Prefabs/Combos/Yellow_Theme/Takeaways using Guid(a9bdfd33990974361852ecffdde6b824) Importer(2089858483,b0f066a214c2f5e87bad3c948f4d605d) (ScriptedImporter) -> (artifact id: '822dbf0e64f74fb16a5a2000f5fd0f97') in 0.0113671 seconds
Number of updated asset objects reloaded before import = 0Number of asset objects unloaded after import = 1

========================================================================
Received Import Request.
  Time since last request: 0.000044 seconds.
  path: Assets/TP_FastFood/Prefabs/Combos/Blue_Theme/Takeaways/Burger_Double_Patty_Takeaway_Blue.prefab
  artifactKey: Guid(51ba72c66786c4341b9cdc8f2ffb5fe3) Importer(2089858483,b0f066a214c2f5e87bad3c948f4d605d)
Start importing Assets/TP_FastFood/Prefabs/Combos/Blue_Theme/Takeaways/Burger_Double_Patty_Takeaway_Blue.prefab using Guid(51ba72c66786c4341b9cdc8f2ffb5fe3) Importer(2089858483,b0f066a214c2f5e87bad3c948f4d605d) (ScriptedImporter) -> (artifact id: 'ceb8320ca844bc35094ef5362bdd67d9') in 0.0147971 seconds
Number of updated asset objects reloaded before import = 0Number of asset objects unloaded after import = 44

========================================================================
Received Import Request.
  Time since last request: 0.000041 seconds.
  path: Assets/TP_FastFood/Models/Tray_Yellow.fbx
  artifactKey: Guid(3bd73f1ed11e14d268596f3ad558ba3e) Importer(2089858483,b0f066a214c2f5e87bad3c948f4d605d)
Start importing Assets/TP_FastFood/Models/Tray_Yellow.fbx using Guid(3bd73f1ed11e14d268596f3ad558ba3e) Importer(2089858483,b0f066a214c2f5e87bad3c948f4d605d) (ScriptedImporter) -> (artifact id: '85c08841df1d0861aae263be4112867e') in 0.0176073 seconds
Number of updated asset objects reloaded before import = 0Number of asset objects unloaded after import = 8

========================================================================
Received Import Request.
  Time since last request: 0.000018 seconds.
  path: Assets/TP_FastFood/Models/CoffeeCup_full.fbx
  artifactKey: Guid(13982d10ba5984f51a7876c0f6802b78) Importer(2089858483,b0f066a214c2f5e87bad3c948f4d605d)
Start importing Assets/TP_FastFood/Models/CoffeeCup_full.fbx using Guid(13982d10ba5984f51a7876c0f6802b78) Importer(2089858483,b0f066a214c2f5e87bad3c948f4d605d) (ScriptedImporter) -> (artifact id: '9f584c781eb84fb8e8cc82f1e0da8a5b') in 0.0199438 seconds
Number of updated asset objects reloaded before import = 0Number of asset objects unloaded after import = 8

========================================================================
Received Import Request.
  Time since last request: 0.000021 seconds.
  path: Assets/TP_FastFood/Animation/CamAnimation.anim
  artifactKey: Guid(36f3c36faf43d432fb1c19a15bfab3e4) Importer(2089858483,b0f066a214c2f5e87bad3c948f4d605d)
Start importing Assets/TP_FastFood/Animation/CamAnimation.anim using Guid(36f3c36faf43d432fb1c19a15bfab3e4) Importer(2089858483,b0f066a214c2f5e87bad3c948f4d605d) (ScriptedImporter) -> (artifact id: '7b369bb76a6ece1b88d2ea5ab8f4e1e0') in 0.0469379 seconds
Number of updated asset objects reloaded before import = 0Number of asset objects unloaded after import = 1

========================================================================
Received Import Request.
  Time since last request: 0.000027 seconds.
  path: Assets/TP_FastFood/Models/ParcelBox_Red.fbx
  artifactKey: Guid(968f4fe0810f240c3a369badcba7b59c) Importer(2089858483,b0f066a214c2f5e87bad3c948f4d605d)
Start importing Assets/TP_FastFood/Models/ParcelBox_Red.fbx using Guid(968f4fe0810f240c3a369badcba7b59c) Importer(2089858483,b0f066a214c2f5e87bad3c948f4d605d) (ScriptedImporter) -> (artifact id: '54edec24cf2b892fd6b2f2cd8835769d') in 0.0217855 seconds
Number of updated asset objects reloaded before import = 0Number of asset objects unloaded after import = 13

========================================================================
Received Import Request.
  Time since last request: 0.000031 seconds.
  path: Assets/Prefabs/FrenchFries_Red.prefab
  artifactKey: Guid(c9094d5f621f444968f3d801859593e1) Importer(2089858483,b0f066a214c2f5e87bad3c948f4d605d)
Start importing Assets/Prefabs/FrenchFries_Red.prefab using Guid(c9094d5f621f444968f3d801859593e1) Importer(2089858483,b0f066a214c2f5e87bad3c948f4d605d) (ScriptedImporter) -> (artifact id: 'd83a64a14afab0c92667462f08b82055') in 0.0208121 seconds
Number of updated asset objects reloaded before import = 0Number of asset objects unloaded after import = 48

========================================================================
Received Import Request.
  Time since last request: 0.000030 seconds.
  path: Assets/TP_FastFood/Prefabs/Invidual_Item_Prefabs/Taco.prefab
  artifactKey: Guid(e20941f19ebd34ee58cbf9e66cc477af) Importer(2089858483,b0f066a214c2f5e87bad3c948f4d605d)
Start importing Assets/TP_FastFood/Prefabs/Invidual_Item_Prefabs/Taco.prefab using Guid(e20941f19ebd34ee58cbf9e66cc477af) Importer(2089858483,b0f066a214c2f5e87bad3c948f4d605d) (ScriptedImporter) -> (artifact id: '7b9c91d6ce096dece589f28c37917e3c') in 0.0157452 seconds
Number of updated asset objects reloaded before import = 0Number of asset objects unloaded after import = 33

========================================================================
Received Import Request.
  Time since last request: 0.000015 seconds.
  path: Assets/TP_FastFood/Prefabs/Invidual_Item_Prefabs/IceCream_Strawberry.prefab
  artifactKey: Guid(7b0b1651afd854699a944a6671016267) Importer(2089858483,b0f066a214c2f5e87bad3c948f4d605d)
Start importing Assets/TP_FastFood/Prefabs/Invidual_Item_Prefabs/IceCream_Strawberry.prefab using Guid(7b0b1651afd854699a944a6671016267) Importer(2089858483,b0f066a214c2f5e87bad3c948f4d605d) (ScriptedImporter) -> (artifact id: 'dec2a954808c5a19f44e8746c0d99215') in 0.0175135 seconds
Number of updated asset objects reloaded before import = 0Number of asset objects unloaded after import = 13

========================================================================
Received Import Request.
  Time since last request: 0.000017 seconds.
  path: Assets/TP_FastFood/Prefabs/Combos/Red_Theme/Combo_Small_Red.prefab
  artifactKey: Guid(9048cc79b321c4afc89b73b1fcb05ea8) Importer(2089858483,b0f066a214c2f5e87bad3c948f4d605d)
Start importing Assets/TP_FastFood/Prefabs/Combos/Red_Theme/Combo_Small_Red.prefab using Guid(9048cc79b321c4afc89b73b1fcb05ea8) Importer(2089858483,b0f066a214c2f5e87bad3c948f4d605d) (ScriptedImporter) -> (artifact id: 'ff5c9eccc6ea51a479e30bf94023af06') in 0.0216301 seconds
Number of updated asset objects reloaded before import = 0Number of asset objects unloaded after import = 105

========================================================================
Received Import Request.
  Time since last request: 0.000023 seconds.
  path: Assets/Prefabs/Burger_Single_patty 1.prefab
  artifactKey: Guid(ead3b603c7b33e140a2a632b841555bf) Importer(2089858483,b0f066a214c2f5e87bad3c948f4d605d)
Start importing Assets/Prefabs/Burger_Single_patty 1.prefab using Guid(ead3b603c7b33e140a2a632b841555bf) Importer(2089858483,b0f066a214c2f5e87bad3c948f4d605d) (ScriptedImporter) -> (artifact id: 'fca2795478ba62e6a47e2dc218a1a2ef') in 0.0160222 seconds
Number of updated asset objects reloaded before import = 0Number of asset objects unloaded after import = 8

========================================================================
Received Import Request.
  Time since last request: 0.000029 seconds.
  path: Assets/TP_FastFood/Prefabs/Combos/Yellow_Theme
  artifactKey: Guid(c2863a63315f1451db1870e68deaa6d0) Importer(2089858483,b0f066a214c2f5e87bad3c948f4d605d)
Start importing Assets/TP_FastFood/Prefabs/Combos/Yellow_Theme using Guid(c2863a63315f1451db1870e68deaa6d0) Importer(2089858483,b0f066a214c2f5e87bad3c948f4d605d) (ScriptedImporter) -> (artifact id: '25a0b7c57a21cc38d8461c58eb27fea5') in 0.0118224 seconds
Number of updated asset objects reloaded before import = 0Number of asset objects unloaded after import = 1

========================================================================
Received Import Request.
  Time since last request: 0.000022 seconds.
  path: Assets/TP_FastFood/Prefabs/Invidual_Item_Prefabs/Tray_With_Napkin_Yellow.prefab
  artifactKey: Guid(2f2a86f8970df4d909577800b9498c0b) Importer(2089858483,b0f066a214c2f5e87bad3c948f4d605d)
Start importing Assets/TP_FastFood/Prefabs/Invidual_Item_Prefabs/Tray_With_Napkin_Yellow.prefab using Guid(2f2a86f8970df4d909577800b9498c0b) Importer(2089858483,b0f066a214c2f5e87bad3c948f4d605d) (ScriptedImporter) -> (artifact id: 'd534c291d8afaf12b85cf46a0fa86f78') in 0.0138921 seconds
Number of updated asset objects reloaded before import = 0Number of asset objects unloaded after import = 18

========================================================================
Received Import Request.
  Time since last request: 0.000029 seconds.
  path: Assets/TP_FastFood/Prefabs/Invidual_Item_Prefabs/FrenchFries_Yellow.prefab
  artifactKey: Guid(ffb1be286b8ca4f4b9e64f8a558e96e1) Importer(2089858483,b0f066a214c2f5e87bad3c948f4d605d)
Start importing Assets/TP_FastFood/Prefabs/Invidual_Item_Prefabs/FrenchFries_Yellow.prefab using Guid(ffb1be286b8ca4f4b9e64f8a558e96e1) Importer(2089858483,b0f066a214c2f5e87bad3c948f4d605d) (ScriptedImporter) -> (artifact id: '9d5bead4e3c4eeddfa1220488f6732fa') in 0.0187789 seconds
Number of updated asset objects reloaded before import = 0Number of asset objects unloaded after import = 48

========================================================================
Received Import Request.
  Time since last request: 0.000018 seconds.
  path: Assets/TP_FastFood/Prefabs/Invidual_Item_Prefabs/Burger_Single_patty.prefab
  artifactKey: Guid(5c54847c347f2472e8b092bfae47d743) Importer(2089858483,b0f066a214c2f5e87bad3c948f4d605d)
Start importing Assets/TP_FastFood/Prefabs/Invidual_Item_Prefabs/Burger_Single_patty.prefab using Guid(5c54847c347f2472e8b092bfae47d743) Importer(2089858483,b0f066a214c2f5e87bad3c948f4d605d) (ScriptedImporter) -> (artifact id: '54fdd5683fec76e4b21748ef23e0c172') in 0.0212674 seconds
Number of updated asset objects reloaded before import = 0Number of asset objects unloaded after import = 23

========================================================================
Received Import Request.
  Time since last request: 0.000022 seconds.
  path: Assets/TP_FastFood/Prefabs/Invidual_Item_Prefabs/Juice_Red.prefab
  artifactKey: Guid(29bee7b0ab359486691149169eb239ac) Importer(2089858483,b0f066a214c2f5e87bad3c948f4d605d)
Start importing Assets/TP_FastFood/Prefabs/Invidual_Item_Prefabs/Juice_Red.prefab using Guid(29bee7b0ab359486691149169eb239ac) Importer(2089858483,b0f066a214c2f5e87bad3c948f4d605d) (ScriptedImporter) -> (artifact id: '50fa5c5ad7c62aa03b9b3d59ad9c556d') in 0.0142837 seconds
Number of updated asset objects reloaded before import = 0Number of asset objects unloaded after import = 8

========================================================================
Received Import Request.
  Time since last request: 0.000026 seconds.
  path: Assets/TP_FastFood/Models/HotDog.fbx
  artifactKey: Guid(0d5a264df9a34494aa9a37fb31e42ae2) Importer(2089858483,b0f066a214c2f5e87bad3c948f4d605d)
Start importing Assets/TP_FastFood/Models/HotDog.fbx using Guid(0d5a264df9a34494aa9a37fb31e42ae2) Importer(2089858483,b0f066a214c2f5e87bad3c948f4d605d) (ScriptedImporter) -> (artifact id: 'f05cfd6bccaf188aae8816a83e077ec7') in 0.0193114 seconds
Number of updated asset objects reloaded before import = 0Number of asset objects unloaded after import = 23

========================================================================
Received Import Request.
  Time since last request: 0.000012 seconds.
  path: Assets/TP_FastFood/Prefabs
  artifactKey: Guid(fa906789a60da4a3a84dccbfb0f75d1e) Importer(2089858483,b0f066a214c2f5e87bad3c948f4d605d)
Start importing Assets/TP_FastFood/Prefabs using Guid(fa906789a60da4a3a84dccbfb0f75d1e) Importer(2089858483,b0f066a214c2f5e87bad3c948f4d605d) (ScriptedImporter) -> (artifact id: 'e72c2c04f9ef5729189d74b46311270f') in 0.013066 seconds
Number of updated asset objects reloaded before import = 0Number of asset objects unloaded after import = 1

========================================================================
Received Import Request.
  Time since last request: 0.000014 seconds.
  path: Assets/TP_FastFood/Prefabs/Invidual_Item_Prefabs/CoffeeCup_Empty.prefab
  artifactKey: Guid(296f6f89103d14e42a36ec6c19cdb75b) Importer(2089858483,b0f066a214c2f5e87bad3c948f4d605d)
Start importing Assets/TP_FastFood/Prefabs/Invidual_Item_Prefabs/CoffeeCup_Empty.prefab using Guid(296f6f89103d14e42a36ec6c19cdb75b) Importer(2089858483,b0f066a214c2f5e87bad3c948f4d605d) (ScriptedImporter) -> (artifact id: '2abe904a48a2e10302fa08f5066edacc') in 0.018674 seconds
Number of updated asset objects reloaded before import = 0Number of asset objects unloaded after import = 8

========================================================================
Received Import Request.
  Time since last request: 0.000025 seconds.
  path: Assets/TP_FastFood/Prefabs/Invidual_Item_Prefabs/Juice_Blue.prefab
  artifactKey: Guid(74ebb1200fc5041ed811310c953e7e00) Importer(2089858483,b0f066a214c2f5e87bad3c948f4d605d)
Start importing Assets/TP_FastFood/Prefabs/Invidual_Item_Prefabs/Juice_Blue.prefab using Guid(74ebb1200fc5041ed811310c953e7e00) Importer(2089858483,b0f066a214c2f5e87bad3c948f4d605d) (ScriptedImporter) -> (artifact id: '9e00997c675dba4a11c58a0791f6f7ff') in 0.0186623 seconds
Number of updated asset objects reloaded before import = 0Number of asset objects unloaded after import = 8

========================================================================
Received Import Request.
  Time since last request: 0.000017 seconds.
  path: Assets/TP_FastFood/Prefabs/Combos/Red_Theme/Takeaways/Crossiant_Takeaway_Red.prefab
  artifactKey: Guid(c53611b538ca84c4cb1569e5dac03e05) Importer(2089858483,b0f066a214c2f5e87bad3c948f4d605d)
Start importing Assets/TP_FastFood/Prefabs/Combos/Red_Theme/Takeaways/Crossiant_Takeaway_Red.prefab using Guid(c53611b538ca84c4cb1569e5dac03e05) Importer(2089858483,b0f066a214c2f5e87bad3c948f4d605d) (ScriptedImporter) -> (artifact id: '0cff27902ee0284f46cf925fafe59276') in 0.0168052 seconds
Number of updated asset objects reloaded before import = 0Number of asset objects unloaded after import = 31

========================================================================
Received Import Request.
  Time since last request: 0.000032 seconds.
  path: Assets/TP_FastFood/Prefabs/Invidual_Item_Prefabs/ParcelBox_Yellow.prefab
  artifactKey: Guid(ab4727f7167f14c38ac75a05b329ae5e) Importer(2089858483,b0f066a214c2f5e87bad3c948f4d605d)
Start importing Assets/TP_FastFood/Prefabs/Invidual_Item_Prefabs/ParcelBox_Yellow.prefab using Guid(ab4727f7167f14c38ac75a05b329ae5e) Importer(2089858483,b0f066a214c2f5e87bad3c948f4d605d) (ScriptedImporter) -> (artifact id: 'e598fda5022bc72cb8f8fb20c716023d') in 0.0184441 seconds
Number of updated asset objects reloaded before import = 0Number of asset objects unloaded after import = 13

========================================================================
Received Import Request.
  Time since last request: 0.000016 seconds.
  path: Assets/TP_FastFood/Prefabs/Combos/Blue_Theme/Combo_Medium_Blue.prefab
  artifactKey: Guid(c2ebfc62d43ac445086316a47dd853be) Importer(2089858483,b0f066a214c2f5e87bad3c948f4d605d)
Start importing Assets/TP_FastFood/Prefabs/Combos/Blue_Theme/Combo_Medium_Blue.prefab using Guid(c2ebfc62d43ac445086316a47dd853be) Importer(2089858483,b0f066a214c2f5e87bad3c948f4d605d) (ScriptedImporter) -> (artifact id: '00bf0858725b76caa2c591d157b5b726') in 0.0203823 seconds
Number of updated asset objects reloaded before import = 0Number of asset objects unloaded after import = 120

Editor requested this worker to shutdown with reason: Scaling down because of idle timeout
AssetImportWorker is now disconnected from the server
Process exiting
Exiting without the bug reporter. Application will terminate with return code 0